mode: set
github.com/hackclub/hackatime/main.go:117.13,122.18 4 0
github.com/hackclub/hackatime/main.go:122.18,125.3 2 0
github.com/hackclub/hackatime/main.go:126.2,147.16 8 0
github.com/hackclub/hackatime/main.go:147.16,149.3 1 0
github.com/hackclub/hackatime/main.go:151.2,151.20 1 0
github.com/hackclub/hackatime/main.go:151.20,153.3 1 0
github.com/hackclub/hackatime/main.go:154.2,155.16 2 0
github.com/hackclub/hackatime/main.go:155.16,157.3 1 0
github.com/hackclub/hackatime/main.go:158.2,163.28 4 0
github.com/hackclub/hackatime/main.go:163.28,165.3 1 0
github.com/hackclub/hackatime/main.go:168.2,197.35 27 0
github.com/hackclub/hackatime/main.go:197.35,199.3 1 0
github.com/hackclub/hackatime/main.go:202.2,208.35 6 0
github.com/hackclub/hackatime/main.go:208.35,210.3 1 0
github.com/hackclub/hackatime/main.go:212.2,265.29 32 0
github.com/hackclub/hackatime/main.go:265.29,267.3 1 0
github.com/hackclub/hackatime/main.go:270.2,318.21 38 0
github.com/hackclub/hackatime/main.go:318.21,320.3 1 0
github.com/hackclub/hackatime/main.go:321.2,328.24 6 0
github.com/hackclub/hackatime/main.go:328.24,330.13 2 0
github.com/hackclub/hackatime/main.go:330.13,332.4 1 0
github.com/hackclub/hackatime/main.go:336.2,336.16 1 0
github.com/hackclub/hackatime/main.go:339.35,343.71 2 0
github.com/hackclub/hackatime/main.go:343.71,351.3 2 0
github.com/hackclub/hackatime/main.go:354.2,354.71 1 0
github.com/hackclub/hackatime/main.go:354.71,362.3 2 0
github.com/hackclub/hackatime/main.go:365.2,365.75 1 0
github.com/hackclub/hackatime/main.go:365.75,367.64 1 0
github.com/hackclub/hackatime/main.go:367.64,369.64 2 0
github.com/hackclub/hackatime/main.go:369.64,371.5 1 0
github.com/hackclub/hackatime/main.go:373.3,377.4 1 0
github.com/hackclub/hackatime/main.go:380.2,380.21 1 0
github.com/hackclub/hackatime/main.go:380.21,381.16 1 0
github.com/hackclub/hackatime/main.go:381.16,383.14 2 0
github.com/hackclub/hackatime/main.go:383.14,384.101 1 0
github.com/hackclub/hackatime/main.go:384.101,386.6 1 0
github.com/hackclub/hackatime/main.go:389.3,389.16 1 0
github.com/hackclub/hackatime/main.go:389.16,391.14 2 0
github.com/hackclub/hackatime/main.go:391.14,392.101 1 0
github.com/hackclub/hackatime/main.go:392.101,394.6 1 0
github.com/hackclub/hackatime/main.go:397.3,397.21 1 0
github.com/hackclub/hackatime/main.go:397.21,399.14 2 0
github.com/hackclub/hackatime/main.go:399.14,401.19 2 0
github.com/hackclub/hackatime/main.go:401.19,403.6 1 0
github.com/hackclub/hackatime/main.go:404.5,404.109 1 0
github.com/hackclub/hackatime/main.go:404.109,406.6 1 0
github.com/hackclub/hackatime/main.go:407.5,407.111 1 0
github.com/hackclub/hackatime/main.go:407.111,409.6 1 0
github.com/hackclub/hackatime/main.go:412.8,413.16 1 0
github.com/hackclub/hackatime/main.go:413.16,415.14 2 0
github.com/hackclub/hackatime/main.go:415.14,416.47 1 0
github.com/hackclub/hackatime/main.go:416.47,418.6 1 0
github.com/hackclub/hackatime/main.go:421.3,421.16 1 0
github.com/hackclub/hackatime/main.go:421.16,423.14 2 0
github.com/hackclub/hackatime/main.go:423.14,424.47 1 0
github.com/hackclub/hackatime/main.go:424.47,426.6 1 0
github.com/hackclub/hackatime/main.go:429.3,429.21 1 0
github.com/hackclub/hackatime/main.go:429.21,431.14 2 0
github.com/hackclub/hackatime/main.go:431.14,433.19 2 0
github.com/hackclub/hackatime/main.go:433.19,435.6 1 0
github.com/hackclub/hackatime/main.go:436.5,436.109 1 0
github.com/hackclub/hackatime/main.go:436.109,438.6 1 0
github.com/hackclub/hackatime/main.go:439.5,439.55 1 0
github.com/hackclub/hackatime/main.go:439.55,441.6 1 0
github.com/hackclub/hackatime/main.go:446.2,446.29 1 0
github.com/hackclub/hackatime/config/config.go:218.64,220.2 1 0
github.com/hackclub/hackatime/config/config.go:222.59,224.2 1 0
github.com/hackclub/hackatime/config/config.go:226.82,236.2 1 0
github.com/hackclub/hackatime/config/config.go:238.31,240.2 1 0
github.com/hackclub/hackatime/config/config.go:242.32,244.2 1 0
github.com/hackclub/hackatime/config/config.go:246.60,248.2 1 0
github.com/hackclub/hackatime/config/config.go:250.59,252.2 1 0
github.com/hackclub/hackatime/config/config.go:254.57,256.2 1 0
github.com/hackclub/hackatime/config/config.go:258.53,260.2 1 0
github.com/hackclub/hackatime/config/config.go:262.53,263.46 1 0
github.com/hackclub/hackatime/config/config.go:263.46,267.17 3 0
github.com/hackclub/hackatime/config/config.go:267.17,269.4 1 0
github.com/hackclub/hackatime/config/config.go:271.3,272.17 2 0
github.com/hackclub/hackatime/config/config.go:272.17,274.4 1 0
github.com/hackclub/hackatime/config/config.go:276.3,276.44 1 0
github.com/hackclub/hackatime/config/config.go:279.2,279.51 1 0
github.com/hackclub/hackatime/config/config.go:282.50,283.47 1 0
github.com/hackclub/hackatime/config/config.go:283.47,290.17 5 0
github.com/hackclub/hackatime/config/config.go:290.17,292.4 1 0
github.com/hackclub/hackatime/config/config.go:294.3,295.17 2 0
github.com/hackclub/hackatime/config/config.go:295.17,297.4 1 0
github.com/hackclub/hackatime/config/config.go:299.3,299.54 1 0
github.com/hackclub/hackatime/config/config.go:302.2,302.52 1 0
github.com/hackclub/hackatime/config/config.go:305.65,310.56 3 0
github.com/hackclub/hackatime/config/config.go:310.56,312.33 1 0
github.com/hackclub/hackatime/config/config.go:312.33,315.18 3 0
github.com/hackclub/hackatime/config/config.go:315.18,317.5 1 0
github.com/hackclub/hackatime/config/config.go:319.4,320.18 2 0
github.com/hackclub/hackatime/config/config.go:320.18,322.5 1 0
github.com/hackclub/hackatime/config/config.go:324.4,324.45 1 0
github.com/hackclub/hackatime/config/config.go:326.8,327.33 1 0
github.com/hackclub/hackatime/config/config.go:327.33,329.4 1 0
github.com/hackclub/hackatime/config/config.go:332.2,332.76 1 0
github.com/hackclub/hackatime/config/config.go:332.76,334.3 1 0
github.com/hackclub/hackatime/config/config.go:336.2,336.14 1 0
github.com/hackclub/hackatime/config/config.go:339.54,342.2 2 0
github.com/hackclub/hackatime/config/config.go:344.54,347.64 2 0
github.com/hackclub/hackatime/config/config.go:347.64,350.17 2 0
github.com/hackclub/hackatime/config/config.go:350.17,352.12 2 0
github.com/hackclub/hackatime/config/config.go:356.3,357.22 2 0
github.com/hackclub/hackatime/config/config.go:357.22,359.29 2 0
github.com/hackclub/hackatime/config/config.go:359.29,361.5 1 0
github.com/hackclub/hackatime/config/config.go:362.4,364.12 3 0
github.com/hackclub/hackatime/config/config.go:367.3,367.55 1 0
github.com/hackclub/hackatime/config/config.go:371.61,373.2 1 0
github.com/hackclub/hackatime/config/config.go:375.66,377.2 1 0
github.com/hackclub/hackatime/config/config.go:379.65,381.2 1 0
github.com/hackclub/hackatime/config/config.go:383.73,385.2 1 0
github.com/hackclub/hackatime/config/config.go:387.70,390.23 3 0
github.com/hackclub/hackatime/config/config.go:390.23,392.3 1 0
github.com/hackclub/hackatime/config/config.go:394.2,398.20 4 0
github.com/hackclub/hackatime/config/config.go:399.11,400.28 1 0
github.com/hackclub/hackatime/config/config.go:401.11,402.28 1 0
github.com/hackclub/hackatime/config/config.go:403.11,404.26 1 0
github.com/hackclub/hackatime/config/config.go:407.2,407.51 1 0
github.com/hackclub/hackatime/config/config.go:410.36,412.2 1 0
github.com/hackclub/hackatime/config/config.go:414.35,416.2 1 0
github.com/hackclub/hackatime/config/config.go:418.38,420.2 1 0
github.com/hackclub/hackatime/config/config.go:422.35,424.2 1 0
github.com/hackclub/hackatime/config/config.go:426.46,428.2 1 0
github.com/hackclub/hackatime/config/config.go:430.43,432.2 1 0
github.com/hackclub/hackatime/config/config.go:434.29,436.2 1 1
github.com/hackclub/hackatime/config/config.go:438.48,449.16 2 0
github.com/hackclub/hackatime/config/config.go:449.16,451.3 1 0
github.com/hackclub/hackatime/config/config.go:453.2,454.53 2 0
github.com/hackclub/hackatime/config/config.go:454.53,456.3 1 0
github.com/hackclub/hackatime/config/config.go:458.2,458.15 1 0
github.com/hackclub/hackatime/config/config.go:461.45,462.27 1 0
github.com/hackclub/hackatime/config/config.go:462.27,464.3 1 0
github.com/hackclub/hackatime/config/config.go:465.2,465.24 1 0
github.com/hackclub/hackatime/config/config.go:465.24,467.3 1 0
github.com/hackclub/hackatime/config/config.go:468.2,468.25 1 0
github.com/hackclub/hackatime/config/config.go:468.25,470.3 1 0
github.com/hackclub/hackatime/config/config.go:471.2,471.15 1 0
github.com/hackclub/hackatime/config/config.go:474.26,476.2 1 0
github.com/hackclub/hackatime/config/config.go:478.20,480.2 1 0
github.com/hackclub/hackatime/config/config.go:482.54,484.82 2 0
github.com/hackclub/hackatime/config/config.go:484.82,486.3 1 0
github.com/hackclub/hackatime/config/config.go:488.2,494.21 5 0
github.com/hackclub/hackatime/config/config.go:494.21,496.3 1 0
github.com/hackclub/hackatime/config/config.go:498.2,506.16 7 0
github.com/hackclub/hackatime/config/config.go:506.16,510.3 3 0
github.com/hackclub/hackatime/config/config.go:512.2,518.47 5 0
github.com/hackclub/hackatime/config/config.go:518.47,519.14 1 0
github.com/hackclub/hackatime/config/config.go:519.14,521.4 1 0
github.com/hackclub/hackatime/config/config.go:524.2,524.29 1 0
github.com/hackclub/hackatime/config/config.go:524.29,525.38 1 0
github.com/hackclub/hackatime/config/config.go:525.38,527.4 1 0
github.com/hackclub/hackatime/config/config.go:528.3,529.60 2 0
github.com/hackclub/hackatime/config/config.go:532.2,532.41 1 0
github.com/hackclub/hackatime/config/config.go:532.41,534.3 1 0
github.com/hackclub/hackatime/config/config.go:534.8,536.35 2 0
github.com/hackclub/hackatime/config/config.go:536.35,538.4 1 0
github.com/hackclub/hackatime/config/config.go:539.3,539.34 1 0
github.com/hackclub/hackatime/config/config.go:543.2,543.108 1 0
github.com/hackclub/hackatime/config/config.go:543.108,545.3 1 0
github.com/hackclub/hackatime/config/config.go:546.2,546.28 1 0
github.com/hackclub/hackatime/config/config.go:546.28,548.3 1 0
github.com/hackclub/hackatime/config/config.go:549.2,549.51 1 0
github.com/hackclub/hackatime/config/config.go:549.51,552.3 2 0
github.com/hackclub/hackatime/config/config.go:553.2,553.100 1 0
github.com/hackclub/hackatime/config/config.go:553.100,555.3 1 0
github.com/hackclub/hackatime/config/config.go:556.2,556.74 1 0
github.com/hackclub/hackatime/config/config.go:556.74,558.3 1 0
github.com/hackclub/hackatime/config/config.go:559.2,559.95 1 0
github.com/hackclub/hackatime/config/config.go:559.95,561.3 1 0
github.com/hackclub/hackatime/config/config.go:562.2,562.156 1 0
github.com/hackclub/hackatime/config/config.go:562.156,564.3 1 0
github.com/hackclub/hackatime/config/config.go:565.2,565.165 1 0
github.com/hackclub/hackatime/config/config.go:565.165,567.3 1 0
github.com/hackclub/hackatime/config/config.go:569.2,571.78 2 0
github.com/hackclub/hackatime/config/config.go:571.78,573.3 1 0
github.com/hackclub/hackatime/config/config.go:574.2,574.81 1 0
github.com/hackclub/hackatime/config/config.go:574.81,576.3 1 0
github.com/hackclub/hackatime/config/config.go:577.2,577.66 1 0
github.com/hackclub/hackatime/config/config.go:577.66,578.48 1 0
github.com/hackclub/hackatime/config/config.go:578.48,580.4 1 0
github.com/hackclub/hackatime/config/config.go:584.2,584.76 1 0
github.com/hackclub/hackatime/config/config.go:584.76,586.3 1 0
github.com/hackclub/hackatime/config/config.go:589.2,589.55 1 0
github.com/hackclub/hackatime/config/config.go:589.55,591.3 1 0
github.com/hackclub/hackatime/config/config.go:592.2,592.56 1 0
github.com/hackclub/hackatime/config/config.go:592.56,594.3 1 0
github.com/hackclub/hackatime/config/config.go:595.2,595.65 1 0
github.com/hackclub/hackatime/config/config.go:595.65,597.3 1 0
github.com/hackclub/hackatime/config/config.go:599.2,600.14 2 0
github.com/hackclub/hackatime/config/config.go:603.22,613.2 1 0
github.com/hackclub/hackatime/config/config.go:615.38,618.2 2 0
github.com/hackclub/hackatime/config/db.go:42.50,43.19 1 0
github.com/hackclub/hackatime/config/db.go:44.23,48.5 1 0
github.com/hackclub/hackatime/config/db.go:49.26,52.5 1 0
github.com/hackclub/hackatime/config/db.go:53.24,54.48 1 0
github.com/hackclub/hackatime/config/db.go:55.23,56.50 1 0
github.com/hackclub/hackatime/config/db.go:59.2,59.12 1 0
github.com/hackclub/hackatime/config/db.go:62.53,63.25 1 1
github.com/hackclub/hackatime/config/db.go:63.25,65.3 1 0
github.com/hackclub/hackatime/config/db.go:67.2,69.25 2 1
github.com/hackclub/hackatime/config/db.go:69.25,71.3 1 1
github.com/hackclub/hackatime/config/db.go:73.2,80.3 1 1
github.com/hackclub/hackatime/config/db.go:83.56,84.25 1 1
github.com/hackclub/hackatime/config/db.go:84.25,86.3 1 0
github.com/hackclub/hackatime/config/db.go:88.2,89.16 2 1
github.com/hackclub/hackatime/config/db.go:89.16,91.3 1 0
github.com/hackclub/hackatime/config/db.go:93.2,100.3 1 1
github.com/hackclub/hackatime/config/db.go:103.54,105.2 1 1
github.com/hackclub/hackatime/config/db.go:107.53,113.16 3 1
github.com/hackclub/hackatime/config/db.go:113.16,115.3 1 1
github.com/hackclub/hackatime/config/db.go:117.2,124.19 2 1
github.com/hackclub/hackatime/config/db_opts.go:11.56,13.2 1 0
github.com/hackclub/hackatime/config/db_opts.go:15.59,17.2 1 0
github.com/hackclub/hackatime/config/db_opts.go:19.61,21.39 1 0
github.com/hackclub/hackatime/config/db_opts.go:21.39,23.100 1 0
github.com/hackclub/hackatime/config/db_opts.go:23.100,25.4 1 0
github.com/hackclub/hackatime/config/db_opts.go:28.2,28.30 1 0
github.com/hackclub/hackatime/config/db_opts.go:28.30,29.68 1 0
github.com/hackclub/hackatime/config/db_opts.go:29.68,31.4 1 0
github.com/hackclub/hackatime/config/db_opts.go:34.2,34.12 1 0
github.com/hackclub/hackatime/config/eventbus.go:27.13,29.2 1 1
github.com/hackclub/hackatime/config/eventbus.go:31.26,33.2 1 0
github.com/hackclub/hackatime/config/fs.go:9.56,10.19 1 0
github.com/hackclub/hackatime/config/fs.go:10.19,12.3 1 0
github.com/hackclub/hackatime/config/fs.go:13.2,13.19 1 0
github.com/hackclub/hackatime/config/jobqueue.go:29.13,31.2 1 1
github.com/hackclub/hackatime/config/jobqueue.go:33.18,40.2 6 0
github.com/hackclub/hackatime/config/jobqueue.go:42.48,43.34 1 0
github.com/hackclub/hackatime/config/jobqueue.go:43.34,45.3 1 0
github.com/hackclub/hackatime/config/jobqueue.go:46.2,49.12 4 0
github.com/hackclub/hackatime/config/jobqueue.go:52.44,54.2 1 0
github.com/hackclub/hackatime/config/jobqueue.go:56.48,57.35 1 0
github.com/hackclub/hackatime/config/jobqueue.go:57.35,59.3 1 0
github.com/hackclub/hackatime/config/jobqueue.go:60.2,60.24 1 0
github.com/hackclub/hackatime/config/jobqueue.go:63.43,65.37 2 0
github.com/hackclub/hackatime/config/jobqueue.go:65.37,71.3 1 0
github.com/hackclub/hackatime/config/jobqueue.go:72.2,72.16 1 0
github.com/hackclub/hackatime/config/jobqueue.go:75.20,76.30 1 0
github.com/hackclub/hackatime/config/jobqueue.go:76.30,78.3 1 0
github.com/hackclub/hackatime/config/key_utils.go:10.58,14.44 2 0
github.com/hackclub/hackatime/config/key_utils.go:14.44,16.17 2 0
github.com/hackclub/hackatime/config/key_utils.go:16.17,18.4 1 0
github.com/hackclub/hackatime/config/key_utils.go:19.3,22.17 3 0
github.com/hackclub/hackatime/config/key_utils.go:22.17,24.4 1 0
github.com/hackclub/hackatime/config/key_utils.go:25.3,25.46 1 0
github.com/hackclub/hackatime/config/key_utils.go:29.2,30.16 2 0
github.com/hackclub/hackatime/config/key_utils.go:30.16,32.3 1 0
github.com/hackclub/hackatime/config/key_utils.go:33.2,36.51 3 0
github.com/hackclub/hackatime/config/key_utils.go:36.51,38.3 1 0
github.com/hackclub/hackatime/config/key_utils.go:39.2,39.45 1 0
github.com/hackclub/hackatime/config/logging.go:8.29,10.11 2 0
github.com/hackclub/hackatime/config/logging.go:10.11,12.3 1 0
github.com/hackclub/hackatime/config/logging.go:12.8,14.3 1 0
github.com/hackclub/hackatime/config/logging.go:15.2,15.36 1 0
github.com/hackclub/hackatime/config/sentry.go:25.26,26.25 1 0
github.com/hackclub/hackatime/config/sentry.go:26.25,28.3 1 0
github.com/hackclub/hackatime/config/sentry.go:30.2,31.19 2 0
github.com/hackclub/hackatime/config/sentry.go:31.19,33.3 1 0
github.com/hackclub/hackatime/config/sentry.go:35.2,35.136 1 0
github.com/hackclub/hackatime/config/sentry.go:35.136,37.30 2 0
github.com/hackclub/hackatime/config/sentry.go:37.30,38.29 1 0
github.com/hackclub/hackatime/config/sentry.go:38.29,40.5 1 0
github.com/hackclub/hackatime/config/sentry.go:42.3,42.24 1 0
github.com/hackclub/hackatime/config/sentry.go:45.2,52.21 2 0
github.com/hackclub/hackatime/config/sentry.go:55.55,59.2 3 0
github.com/hackclub/hackatime/config/sentry.go:61.62,63.39 2 0
github.com/hackclub/hackatime/config/sentry.go:63.39,65.3 1 0
github.com/hackclub/hackatime/config/sentry.go:66.2,66.17 1 0
github.com/hackclub/hackatime/config/sentry.go:76.73,84.59 1 0
github.com/hackclub/hackatime/config/sentry.go:84.59,86.38 2 0
github.com/hackclub/hackatime/config/sentry.go:86.38,87.38 1 0
github.com/hackclub/hackatime/config/sentry.go:87.38,89.6 1 0
github.com/hackclub/hackatime/config/sentry.go:91.4,91.39 1 0
github.com/hackclub/hackatime/config/sentry.go:91.39,93.5 1 0
github.com/hackclub/hackatime/config/sentry.go:94.4,94.37 1 0
github.com/hackclub/hackatime/config/sentry.go:96.79,99.4 1 0
github.com/hackclub/hackatime/config/sentry.go:100.17,102.3 1 0
github.com/hackclub/hackatime/config/sentry.go:106.43,111.51 2 0
github.com/hackclub/hackatime/config/sentry.go:111.51,113.3 1 0
github.com/hackclub/hackatime/config/sentry.go:114.2,114.11 1 0
github.com/hackclub/hackatime/config/session.go:9.46,10.25 1 0
github.com/hackclub/hackatime/config/session.go:10.25,12.3 1 0
github.com/hackclub/hackatime/config/session.go:13.2,13.21 1 0
github.com/hackclub/hackatime/helpers/date.go:18.73,19.58 1 0
github.com/hackclub/hackatime/helpers/date.go:19.58,21.3 1 0
github.com/hackclub/hackatime/helpers/date.go:22.2,22.87 1 0
github.com/hackclub/hackatime/helpers/date.go:22.87,24.3 1 0
github.com/hackclub/hackatime/helpers/date.go:25.2,25.64 1 0
github.com/hackclub/hackatime/helpers/date.go:28.40,30.2 1 0
github.com/hackclub/hackatime/helpers/date.go:32.44,34.2 1 0
github.com/hackclub/hackatime/helpers/date.go:36.49,38.2 1 0
github.com/hackclub/hackatime/helpers/date.go:40.45,42.2 1 0
github.com/hackclub/hackatime/helpers/date.go:44.50,50.2 5 0
github.com/hackclub/hackatime/helpers/http.go:12.94,14.16 2 0
github.com/hackclub/hackatime/helpers/http.go:14.16,16.3 1 0
github.com/hackclub/hackatime/helpers/http.go:18.2,18.107 1 0
github.com/hackclub/hackatime/helpers/http.go:18.107,20.3 1 0
github.com/hackclub/hackatime/helpers/http.go:22.2,22.22 1 0
github.com/hackclub/hackatime/helpers/http.go:25.90,28.58 3 0
github.com/hackclub/hackatime/helpers/http.go:28.58,30.3 1 0
github.com/hackclub/hackatime/helpers/interval.go:11.66,12.40 1 0
github.com/hackclub/hackatime/helpers/interval.go:12.40,13.27 1 0
github.com/hackclub/hackatime/helpers/interval.go:13.27,15.4 1 0
github.com/hackclub/hackatime/helpers/interval.go:17.2,17.48 1 0
github.com/hackclub/hackatime/helpers/interval.go:20.61,23.2 2 0
github.com/hackclub/hackatime/helpers/interval.go:25.88,28.2 2 0
github.com/hackclub/hackatime/helpers/interval.go:30.95,32.16 2 0
github.com/hackclub/hackatime/helpers/interval.go:32.16,34.3 1 0
github.com/hackclub/hackatime/helpers/interval.go:35.2,35.38 1 0
github.com/hackclub/hackatime/helpers/interval.go:38.105,42.18 3 1
github.com/hackclub/hackatime/helpers/interval.go:43.28,44.32 1 0
github.com/hackclub/hackatime/helpers/interval.go:45.32,47.30 2 0
github.com/hackclub/hackatime/helpers/interval.go:48.30,49.34 1 1
github.com/hackclub/hackatime/helpers/interval.go:50.31,51.35 1 0
github.com/hackclub/hackatime/helpers/interval.go:52.31,54.33 2 0
github.com/hackclub/hackatime/helpers/interval.go:55.32,56.36 1 0
github.com/hackclub/hackatime/helpers/interval.go:57.32,59.34 2 0
github.com/hackclub/hackatime/helpers/interval.go:60.31,61.35 1 0
github.com/hackclub/hackatime/helpers/interval.go:62.32,63.31 1 1
github.com/hackclub/hackatime/helpers/interval.go:64.41,66.48 2 0
github.com/hackclub/hackatime/helpers/interval.go:67.33,68.32 1 1
github.com/hackclub/hackatime/helpers/interval.go:69.33,70.32 1 1
github.com/hackclub/hackatime/helpers/interval.go:71.34,72.31 1 1
github.com/hackclub/hackatime/helpers/interval.go:73.35,74.32 1 1
github.com/hackclub/hackatime/helpers/interval.go:75.26,76.21 1 0
github.com/hackclub/hackatime/helpers/interval.go:77.10,78.39 1 0
github.com/hackclub/hackatime/helpers/interval.go:81.2,81.22 1 1
github.com/hackclub/hackatime/helpers/interval.go:85.65,86.15 1 1
github.com/hackclub/hackatime/helpers/interval.go:86.15,88.3 1 1
github.com/hackclub/hackatime/helpers/interval.go:89.2,89.14 1 1
github.com/hackclub/hackatime/helpers/interval.go:89.14,91.3 1 1
github.com/hackclub/hackatime/helpers/interval.go:92.2,92.14 1 1
github.com/hackclub/hackatime/helpers/interval.go:92.14,94.3 1 1
github.com/hackclub/hackatime/helpers/interval.go:95.2,95.15 1 1
github.com/hackclub/hackatime/helpers/interval.go:95.15,97.3 1 1
github.com/hackclub/hackatime/helpers/interval.go:98.2,98.15 1 1
github.com/hackclub/hackatime/helpers/interval.go:98.15,100.3 1 1
github.com/hackclub/hackatime/helpers/interval.go:101.2,101.16 1 1
github.com/hackclub/hackatime/helpers/interval.go:101.16,103.3 1 1
github.com/hackclub/hackatime/helpers/interval.go:104.2,104.16 1 1
github.com/hackclub/hackatime/helpers/interval.go:104.16,106.3 1 1
github.com/hackclub/hackatime/helpers/interval.go:107.2,107.41 1 1
github.com/hackclub/hackatime/helpers/summary.go:11.73,18.56 5 0
github.com/hackclub/hackatime/helpers/summary.go:18.56,20.3 1 0
github.com/hackclub/hackatime/helpers/summary.go:20.8,20.54 1 0
github.com/hackclub/hackatime/helpers/summary.go:20.54,22.3 1 0
github.com/hackclub/hackatime/helpers/summary.go:22.8,24.17 2 0
github.com/hackclub/hackatime/helpers/summary.go:24.17,26.4 1 0
github.com/hackclub/hackatime/helpers/summary.go:28.3,29.17 2 0
github.com/hackclub/hackatime/helpers/summary.go:29.17,31.4 1 0
github.com/hackclub/hackatime/helpers/summary.go:34.2,44.8 3 0
github.com/hackclub/hackatime/helpers/summary.go:47.59,49.48 2 0
github.com/hackclub/hackatime/helpers/summary.go:49.48,51.3 1 0
github.com/hackclub/hackatime/helpers/summary.go:52.2,52.49 1 0
github.com/hackclub/hackatime/helpers/summary.go:52.49,54.3 1 0
github.com/hackclub/hackatime/helpers/summary.go:55.2,55.47 1 0
github.com/hackclub/hackatime/helpers/summary.go:55.47,57.3 1 0
github.com/hackclub/hackatime/helpers/summary.go:58.2,58.48 1 0
github.com/hackclub/hackatime/helpers/summary.go:58.48,60.3 1 0
github.com/hackclub/hackatime/helpers/summary.go:61.2,61.57 1 0
github.com/hackclub/hackatime/helpers/summary.go:61.57,63.3 1 0
github.com/hackclub/hackatime/helpers/summary.go:64.2,64.46 1 0
github.com/hackclub/hackatime/helpers/summary.go:64.46,66.3 1 0
github.com/hackclub/hackatime/helpers/summary.go:67.2,67.47 1 0
github.com/hackclub/hackatime/helpers/summary.go:67.47,69.3 1 0
github.com/hackclub/hackatime/helpers/summary.go:70.2,70.47 1 0
github.com/hackclub/hackatime/helpers/summary.go:70.47,72.3 1 0
github.com/hackclub/hackatime/helpers/summary.go:73.2,73.49 1 0
github.com/hackclub/hackatime/helpers/summary.go:73.49,75.3 1 0
github.com/hackclub/hackatime/helpers/summary.go:76.2,76.16 1 0
github.com/hackclub/hackatime/helpers/summary.go:79.48,83.51 2 0
github.com/hackclub/hackatime/helpers/summary.go:83.51,85.3 1 0
github.com/hackclub/hackatime/helpers/summary.go:86.2,86.12 1 0
github.com/hackclub/hackatime/mocks/alias_repository.go:12.65,15.2 2 0
github.com/hackclub/hackatime/mocks/alias_repository.go:17.76,20.2 2 0
github.com/hackclub/hackatime/mocks/alias_repository.go:22.93,25.2 2 0
github.com/hackclub/hackatime/mocks/alias_repository.go:27.109,30.2 2 0
github.com/hackclub/hackatime/mocks/alias_repository.go:32.109,35.2 2 0
github.com/hackclub/hackatime/mocks/alias_repository.go:37.78,40.2 2 0
github.com/hackclub/hackatime/mocks/alias_repository.go:42.52,45.2 2 0
github.com/hackclub/hackatime/mocks/alias_repository.go:47.59,50.2 2 0
github.com/hackclub/hackatime/mocks/alias_service.go:12.57,15.2 2 0
github.com/hackclub/hackatime/mocks/alias_service.go:17.59,20.2 2 0
github.com/hackclub/hackatime/mocks/alias_service.go:22.92,25.2 2 0
github.com/hackclub/hackatime/mocks/alias_service.go:27.73,30.2 2 0
github.com/hackclub/hackatime/mocks/alias_service.go:32.89,35.2 2 0
github.com/hackclub/hackatime/mocks/alias_service.go:37.106,40.2 2 0
github.com/hackclub/hackatime/mocks/alias_service.go:42.75,45.2 2 0
github.com/hackclub/hackatime/mocks/alias_service.go:47.58,50.2 2 0
github.com/hackclub/hackatime/mocks/alias_service.go:52.65,55.2 2 0
github.com/hackclub/hackatime/mocks/duration_service.go:14.132,17.2 2 0
github.com/hackclub/hackatime/mocks/heartbeat_service.go:15.66,18.2 2 0
github.com/hackclub/hackatime/mocks/heartbeat_service.go:20.73,23.2 2 0
github.com/hackclub/hackatime/mocks/heartbeat_service.go:25.61,28.2 2 0
github.com/hackclub/hackatime/mocks/heartbeat_service.go:30.78,33.2 2 0
github.com/hackclub/hackatime/mocks/heartbeat_service.go:35.98,38.2 2 0
github.com/hackclub/hackatime/mocks/heartbeat_service.go:40.126,43.2 2 0
github.com/hackclub/hackatime/mocks/heartbeat_service.go:45.160,48.2 2 0
github.com/hackclub/hackatime/mocks/heartbeat_service.go:50.80,53.2 2 0
github.com/hackclub/hackatime/mocks/heartbeat_service.go:55.94,58.2 2 0
github.com/hackclub/hackatime/mocks/heartbeat_service.go:60.113,63.2 2 0
github.com/hackclub/hackatime/mocks/heartbeat_service.go:65.113,68.2 2 0
github.com/hackclub/hackatime/mocks/heartbeat_service.go:70.91,73.2 2 0
github.com/hackclub/hackatime/mocks/heartbeat_service.go:75.67,78.2 2 0
github.com/hackclub/hackatime/mocks/heartbeat_service.go:80.67,83.2 2 0
github.com/hackclub/hackatime/mocks/heartbeat_service.go:85.86,88.2 2 0
github.com/hackclub/hackatime/mocks/heartbeat_service.go:90.146,93.2 2 0
github.com/hackclub/hackatime/mocks/key_value_service.go:12.83,15.2 2 0
github.com/hackclub/hackatime/mocks/key_value_service.go:17.78,20.2 2 0
github.com/hackclub/hackatime/mocks/key_value_service.go:22.87,25.2 2 0
github.com/hackclub/hackatime/mocks/key_value_service.go:27.73,30.2 2 0
github.com/hackclub/hackatime/mocks/key_value_service.go:32.60,35.2 2 0
github.com/hackclub/hackatime/mocks/project_label_service.go:12.81,15.2 2 0
github.com/hackclub/hackatime/mocks/project_label_service.go:17.87,20.2 2 0
github.com/hackclub/hackatime/mocks/project_label_service.go:22.105,25.2 2 0
github.com/hackclub/hackatime/mocks/project_label_service.go:27.113,30.2 2 0
github.com/hackclub/hackatime/mocks/project_label_service.go:32.96,35.2 2 0
github.com/hackclub/hackatime/mocks/project_label_service.go:37.72,40.2 2 0
github.com/hackclub/hackatime/mocks/summary_repository.go:14.65,17.2 2 0
github.com/hackclub/hackatime/mocks/summary_repository.go:19.69,22.2 2 0
github.com/hackclub/hackatime/mocks/summary_repository.go:24.120,27.2 2 0
github.com/hackclub/hackatime/mocks/summary_repository.go:29.79,32.2 2 0
github.com/hackclub/hackatime/mocks/summary_repository.go:34.62,37.2 2 0
github.com/hackclub/hackatime/mocks/summary_repository.go:39.81,42.2 2 0
github.com/hackclub/hackatime/mocks/summary_service.go:15.159,18.2 2 0
github.com/hackclub/hackatime/mocks/summary_service.go:20.126,23.2 2 0
github.com/hackclub/hackatime/mocks/summary_service.go:25.127,28.2 2 0
github.com/hackclub/hackatime/mocks/summary_service.go:30.78,33.2 2 0
github.com/hackclub/hackatime/mocks/summary_service.go:35.59,38.2 2 0
github.com/hackclub/hackatime/mocks/summary_service.go:40.78,43.2 2 0
github.com/hackclub/hackatime/mocks/summary_service.go:45.62,48.2 2 0
github.com/hackclub/hackatime/mocks/user_service.go:12.71,15.2 2 0
github.com/hackclub/hackatime/mocks/user_service.go:17.72,20.2 2 0
github.com/hackclub/hackatime/mocks/user_service.go:22.74,25.2 2 0
github.com/hackclub/hackatime/mocks/user_service.go:27.79,30.2 2 0
github.com/hackclub/hackatime/mocks/user_service.go:32.60,35.2 2 0
github.com/hackclub/hackatime/mocks/user_service.go:37.75,40.2 2 0
github.com/hackclub/hackatime/mocks/user_service.go:42.71,45.2 2 0
github.com/hackclub/hackatime/mocks/user_service.go:47.86,50.2 2 0
github.com/hackclub/hackatime/mocks/user_service.go:52.79,54.23 1 0
github.com/hackclub/hackatime/mocks/user_service.go:57.75,60.2 2 0
github.com/hackclub/hackatime/mocks/user_service.go:62.85,65.2 2 0
github.com/hackclub/hackatime/mocks/user_service.go:67.69,70.2 2 0
github.com/hackclub/hackatime/mocks/user_service.go:72.50,75.2 2 0
github.com/hackclub/hackatime/mocks/user_service.go:77.104,80.2 2 0
github.com/hackclub/hackatime/mocks/user_service.go:82.75,85.2 2 0
github.com/hackclub/hackatime/mocks/user_service.go:87.59,90.2 2 0
github.com/hackclub/hackatime/mocks/user_service.go:92.80,95.2 2 0
github.com/hackclub/hackatime/mocks/user_service.go:97.81,100.2 2 0
github.com/hackclub/hackatime/mocks/user_service.go:102.109,105.2 2 0
github.com/hackclub/hackatime/mocks/user_service.go:107.87,110.2 2 0
github.com/hackclub/hackatime/mocks/user_service.go:112.40,114.2 1 0
github.com/hackclub/hackatime/mocks/user_service.go:116.52,118.2 1 0
github.com/hackclub/hackatime/middlewares/custom/wakatime.go:32.60,41.2 1 0
github.com/hackclub/hackatime/middlewares/custom/wakatime.go:43.72,44.71 1 0
github.com/hackclub/hackatime/middlewares/custom/wakatime.go:44.71,46.3 1 0
github.com/hackclub/hackatime/middlewares/custom/wakatime.go:49.108,55.70 4 0
github.com/hackclub/hackatime/middlewares/custom/wakatime.go:55.70,57.3 1 0
github.com/hackclub/hackatime/middlewares/custom/wakatime.go:59.2,60.46 2 0
github.com/hackclub/hackatime/middlewares/custom/wakatime.go:60.46,62.3 1 0
github.com/hackclub/hackatime/middlewares/custom/wakatime.go:64.2,65.16 2 0
github.com/hackclub/hackatime/middlewares/custom/wakatime.go:65.16,68.3 2 0
github.com/hackclub/hackatime/middlewares/custom/wakatime.go:70.2,76.28 5 0
github.com/hackclub/hackatime/middlewares/custom/wakatime.go:76.28,78.3 1 0
github.com/hackclub/hackatime/middlewares/custom/wakatime.go:80.2,102.3 3 0
github.com/hackclub/hackatime/middlewares/custom/wakatime.go:105.119,107.16 2 0
github.com/hackclub/hackatime/middlewares/custom/wakatime.go:107.16,110.3 2 0
github.com/hackclub/hackatime/middlewares/custom/wakatime.go:112.2,112.28 1 0
github.com/hackclub/hackatime/middlewares/custom/wakatime.go:112.28,113.23 1 0
github.com/hackclub/hackatime/middlewares/custom/wakatime.go:113.23,115.4 1 0
github.com/hackclub/hackatime/middlewares/custom/wakatime.go:118.2,119.16 2 0
github.com/hackclub/hackatime/middlewares/custom/wakatime.go:119.16,122.3 2 0
github.com/hackclub/hackatime/middlewares/custom/wakatime.go:124.2,124.61 1 0
github.com/hackclub/hackatime/middlewares/custom/wakatime.go:124.61,128.57 2 0
github.com/hackclub/hackatime/middlewares/custom/wakatime.go:128.57,130.4 1 0
github.com/hackclub/hackatime/middlewares/custom/wakatime.go:131.3,131.81 1 0
github.com/hackclub/hackatime/middlewares/custom/wakatime.go:131.81,136.4 1 0
github.com/hackclub/hackatime/middlewares/custom/wakatime.go:136.9,136.23 1 0
github.com/hackclub/hackatime/middlewares/custom/wakatime.go:136.23,138.4 1 0
github.com/hackclub/hackatime/middlewares/custom/wakatime.go:146.72,148.16 2 0
github.com/hackclub/hackatime/middlewares/custom/wakatime.go:148.16,150.3 1 0
github.com/hackclub/hackatime/middlewares/custom/wakatime.go:152.2,157.94 5 0
github.com/hackclub/hackatime/middlewares/custom/wakatime.go:157.94,159.3 1 0
github.com/hackclub/hackatime/middlewares/custom/wakatime.go:161.2,163.68 2 0
github.com/hackclub/hackatime/middlewares/custom/wakatime.go:163.68,166.58 2 0
github.com/hackclub/hackatime/middlewares/custom/wakatime.go:166.58,169.4 2 0
github.com/hackclub/hackatime/middlewares/custom/wakatime.go:172.2,172.50 1 0
github.com/hackclub/hackatime/middlewares/custom/wakatime.go:172.50,173.33 1 0
github.com/hackclub/hackatime/middlewares/custom/wakatime.go:173.33,175.4 1 0
github.com/hackclub/hackatime/middlewares/custom/wakatime.go:176.8,176.32 1 0
github.com/hackclub/hackatime/middlewares/custom/wakatime.go:176.32,178.3 1 0
github.com/hackclub/hackatime/middlewares/custom/wakatime.go:180.2,180.23 1 0
github.com/hackclub/hackatime/middlewares/custom/wakatime.go:180.23,182.3 1 0
github.com/hackclub/hackatime/middlewares/custom/wakatime.go:184.2,184.37 1 0
github.com/hackclub/hackatime/middlewares/custom/wakatime.go:184.37,187.3 2 0
github.com/hackclub/hackatime/middlewares/custom/wakatime.go:189.2,190.62 2 0
github.com/hackclub/hackatime/middlewares/custom/wakatime.go:190.62,192.3 1 0
github.com/hackclub/hackatime/middlewares/custom/wakatime.go:193.2,195.12 2 0
github.com/hackclub/hackatime/migrations/20201103_rename_language_mappings_table.go:11.13,14.50 1 0
github.com/hackclub/hackatime/migrations/20201103_rename_language_mappings_table.go:14.50,19.39 4 0
github.com/hackclub/hackatime/migrations/20201103_rename_language_mappings_table.go:19.39,21.89 2 0
github.com/hackclub/hackatime/migrations/20201103_rename_language_mappings_table.go:21.89,23.6 1 0
github.com/hackclub/hackatime/migrations/20201103_rename_language_mappings_table.go:25.5,26.87 2 0
github.com/hackclub/hackatime/migrations/20201103_rename_language_mappings_table.go:28.4,28.14 1 0
github.com/hackclub/hackatime/migrations/20201103_rename_language_mappings_table.go:32.2,32.25 1 0
github.com/hackclub/hackatime/migrations/20201106_migration_cascade_constraints.go:11.13,16.50 2 0
github.com/hackclub/hackatime/migrations/20201106_migration_cascade_constraints.go:16.50,22.49 2 0
github.com/hackclub/hackatime/migrations/20201106_migration_cascade_constraints.go:22.49,28.5 2 0
github.com/hackclub/hackatime/migrations/20201106_migration_cascade_constraints.go:30.4,30.52 1 0
github.com/hackclub/hackatime/migrations/20201106_migration_cascade_constraints.go:30.52,33.5 2 0
github.com/hackclub/hackatime/migrations/20201106_migration_cascade_constraints.go:35.4,35.24 1 0
github.com/hackclub/hackatime/migrations/20201106_migration_cascade_constraints.go:35.24,37.5 1 0
github.com/hackclub/hackatime/migrations/20201106_migration_cascade_constraints.go:40.4,53.41 2 0
github.com/hackclub/hackatime/migrations/20201106_migration_cascade_constraints.go:53.41,54.44 1 0
github.com/hackclub/hackatime/migrations/20201106_migration_cascade_constraints.go:54.44,56.65 2 0
github.com/hackclub/hackatime/migrations/20201106_migration_cascade_constraints.go:56.65,58.7 1 0
github.com/hackclub/hackatime/migrations/20201106_migration_cascade_constraints.go:62.4,63.14 2 0
github.com/hackclub/hackatime/migrations/20201106_migration_cascade_constraints.go:67.2,67.25 1 0
github.com/hackclub/hackatime/migrations/20210202_fix_cascade_for_alias_user_constraint.go:11.13,16.50 2 0
github.com/hackclub/hackatime/migrations/20210202_fix_cascade_for_alias_user_constraint.go:16.50,19.49 2 0
github.com/hackclub/hackatime/migrations/20210202_fix_cascade_for_alias_user_constraint.go:19.49,23.5 2 0
github.com/hackclub/hackatime/migrations/20210202_fix_cascade_for_alias_user_constraint.go:25.4,25.52 1 0
github.com/hackclub/hackatime/migrations/20210202_fix_cascade_for_alias_user_constraint.go:25.52,28.5 2 0
github.com/hackclub/hackatime/migrations/20210202_fix_cascade_for_alias_user_constraint.go:30.4,30.24 1 0
github.com/hackclub/hackatime/migrations/20210202_fix_cascade_for_alias_user_constraint.go:30.24,32.5 1 0
github.com/hackclub/hackatime/migrations/20210202_fix_cascade_for_alias_user_constraint.go:34.4,34.66 1 0
github.com/hackclub/hackatime/migrations/20210202_fix_cascade_for_alias_user_constraint.go:34.66,36.87 2 0
github.com/hackclub/hackatime/migrations/20210202_fix_cascade_for_alias_user_constraint.go:36.87,38.6 1 0
github.com/hackclub/hackatime/migrations/20210202_fix_cascade_for_alias_user_constraint.go:41.4,42.14 2 0
github.com/hackclub/hackatime/migrations/20210202_fix_cascade_for_alias_user_constraint.go:46.2,46.25 1 0
github.com/hackclub/hackatime/migrations/20210206_drop_badges_column_add_sharing_flags.go:11.13,14.50 1 0
github.com/hackclub/hackatime/migrations/20210206_drop_badges_column_add_sharing_flags.go:14.50,17.61 2 0
github.com/hackclub/hackatime/migrations/20210206_drop_badges_column_add_sharing_flags.go:17.61,20.5 1 0
github.com/hackclub/hackatime/migrations/20210206_drop_badges_column_add_sharing_flags.go:22.4,22.113 1 0
github.com/hackclub/hackatime/migrations/20210206_drop_badges_column_add_sharing_flags.go:22.113,24.5 1 0
github.com/hackclub/hackatime/migrations/20210206_drop_badges_column_add_sharing_flags.go:25.4,25.109 1 0
github.com/hackclub/hackatime/migrations/20210206_drop_badges_column_add_sharing_flags.go:25.109,27.5 1 0
github.com/hackclub/hackatime/migrations/20210206_drop_badges_column_add_sharing_flags.go:28.4,28.111 1 0
github.com/hackclub/hackatime/migrations/20210206_drop_badges_column_add_sharing_flags.go:28.111,30.5 1 0
github.com/hackclub/hackatime/migrations/20210206_drop_badges_column_add_sharing_flags.go:31.4,31.110 1 0
github.com/hackclub/hackatime/migrations/20210206_drop_badges_column_add_sharing_flags.go:31.110,33.5 1 0
github.com/hackclub/hackatime/migrations/20210206_drop_badges_column_add_sharing_flags.go:34.4,34.105 1 0
github.com/hackclub/hackatime/migrations/20210206_drop_badges_column_add_sharing_flags.go:34.105,36.5 1 0
github.com/hackclub/hackatime/migrations/20210206_drop_badges_column_add_sharing_flags.go:37.4,37.110 1 0
github.com/hackclub/hackatime/migrations/20210206_drop_badges_column_add_sharing_flags.go:37.110,39.5 1 0
github.com/hackclub/hackatime/migrations/20210206_drop_badges_column_add_sharing_flags.go:41.4,41.49 1 0
github.com/hackclub/hackatime/migrations/20210206_drop_badges_column_add_sharing_flags.go:41.49,44.5 2 0
github.com/hackclub/hackatime/migrations/20210206_drop_badges_column_add_sharing_flags.go:46.4,46.80 1 0
github.com/hackclub/hackatime/migrations/20210206_drop_badges_column_add_sharing_flags.go:46.80,48.5 1 0
github.com/hackclub/hackatime/migrations/20210206_drop_badges_column_add_sharing_flags.go:49.4,51.14 2 0
github.com/hackclub/hackatime/migrations/20210206_drop_badges_column_add_sharing_flags.go:55.2,55.26 1 0
github.com/hackclub/hackatime/migrations/20210213_add_has_data_field.go:8.13,12.50 2 0
github.com/hackclub/hackatime/migrations/20210213_add_has_data_field.go:12.50,13.24 1 0
github.com/hackclub/hackatime/migrations/20210213_add_has_data_field.go:13.24,15.5 1 0
github.com/hackclub/hackatime/migrations/20210213_add_has_data_field.go:17.4,19.24 2 0
github.com/hackclub/hackatime/migrations/20210213_add_has_data_field.go:19.24,21.5 1 0
github.com/hackclub/hackatime/migrations/20210213_add_has_data_field.go:23.4,23.51 1 0
github.com/hackclub/hackatime/migrations/20210213_add_has_data_field.go:23.51,25.5 1 0
github.com/hackclub/hackatime/migrations/20210213_add_has_data_field.go:27.4,28.14 2 0
github.com/hackclub/hackatime/migrations/20210213_add_has_data_field.go:32.2,32.26 1 0
github.com/hackclub/hackatime/migrations/20210221_add_created_date_column.go:8.13,12.50 2 0
github.com/hackclub/hackatime/migrations/20210221_add_created_date_column.go:12.50,13.24 1 0
github.com/hackclub/hackatime/migrations/20210221_add_created_date_column.go:13.24,15.5 1 0
github.com/hackclub/hackatime/migrations/20210221_add_created_date_column.go:17.4,17.83 1 0
github.com/hackclub/hackatime/migrations/20210221_add_created_date_column.go:17.83,19.5 1 0
github.com/hackclub/hackatime/migrations/20210221_add_created_date_column.go:21.4,22.14 2 0
github.com/hackclub/hackatime/migrations/20210221_add_created_date_column.go:26.2,26.26 1 0
github.com/hackclub/hackatime/migrations/20210411_add_imprint_content.go:11.13,15.50 2 0
github.com/hackclub/hackatime/migrations/20210411_add_imprint_content.go:15.50,16.24 1 0
github.com/hackclub/hackatime/migrations/20210411_add_imprint_content.go:16.24,18.5 1 0
github.com/hackclub/hackatime/migrations/20210411_add_imprint_content.go:20.4,27.41 3 0
github.com/hackclub/hackatime/migrations/20210411_add_imprint_content.go:27.41,29.5 1 0
github.com/hackclub/hackatime/migrations/20210411_add_imprint_content.go:31.4,32.14 2 0
github.com/hackclub/hackatime/migrations/20210411_add_imprint_content.go:36.2,36.26 1 0
github.com/hackclub/hackatime/migrations/20210411_drop_migrations_table.go:10.13,14.50 2 0
github.com/hackclub/hackatime/migrations/20210411_drop_migrations_table.go:14.50,15.69 1 0
github.com/hackclub/hackatime/migrations/20210411_drop_migrations_table.go:15.69,17.5 1 0
github.com/hackclub/hackatime/migrations/20210411_drop_migrations_table.go:18.4,18.14 1 0
github.com/hackclub/hackatime/migrations/20210411_drop_migrations_table.go:22.2,22.26 1 0
github.com/hackclub/hackatime/migrations/20210806_remove_persisted_project_labels.go:12.13,16.50 2 0
github.com/hackclub/hackatime/migrations/20210806_remove_persisted_project_labels.go:16.50,17.24 1 0
github.com/hackclub/hackatime/migrations/20210806_remove_persisted_project_labels.go:17.24,19.5 1 0
github.com/hackclub/hackatime/migrations/20210806_remove_persisted_project_labels.go:21.4,22.18 2 0
github.com/hackclub/hackatime/migrations/20210806_remove_persisted_project_labels.go:22.18,25.5 2 0
github.com/hackclub/hackatime/migrations/20210806_remove_persisted_project_labels.go:26.4,26.119 1 0
github.com/hackclub/hackatime/migrations/20210806_remove_persisted_project_labels.go:26.119,29.5 2 0
github.com/hackclub/hackatime/migrations/20210806_remove_persisted_project_labels.go:30.4,33.14 3 0
github.com/hackclub/hackatime/migrations/20210806_remove_persisted_project_labels.go:37.2,37.26 1 0
github.com/hackclub/hackatime/migrations/20211215_migrate_id_to_bigint.go:10.13,14.50 2 0
github.com/hackclub/hackatime/migrations/20211215_migrate_id_to_bigint.go:14.50,15.24 1 0
github.com/hackclub/hackatime/migrations/20211215_migrate_id_to_bigint.go:15.24,17.5 1 0
github.com/hackclub/hackatime/migrations/20211215_migrate_id_to_bigint.go:19.4,21.24 2 0
github.com/hackclub/hackatime/migrations/20211215_migrate_id_to_bigint.go:21.24,23.115 2 0
github.com/hackclub/hackatime/migrations/20211215_migrate_id_to_bigint.go:23.115,25.6 1 0
github.com/hackclub/hackatime/migrations/20211215_migrate_id_to_bigint.go:26.5,26.118 1 0
github.com/hackclub/hackatime/migrations/20211215_migrate_id_to_bigint.go:26.118,28.6 1 0
github.com/hackclub/hackatime/migrations/20211215_migrate_id_to_bigint.go:29.5,29.16 1 0
github.com/hackclub/hackatime/migrations/20211215_migrate_id_to_bigint.go:30.10,30.34 1 0
github.com/hackclub/hackatime/migrations/20211215_migrate_id_to_bigint.go:30.34,34.95 2 0
github.com/hackclub/hackatime/migrations/20211215_migrate_id_to_bigint.go:34.95,36.6 1 0
github.com/hackclub/hackatime/migrations/20211215_migrate_id_to_bigint.go:37.5,37.98 1 0
github.com/hackclub/hackatime/migrations/20211215_migrate_id_to_bigint.go:37.98,39.6 1 0
github.com/hackclub/hackatime/migrations/20211215_migrate_id_to_bigint.go:40.5,40.16 1 0
github.com/hackclub/hackatime/migrations/20211215_migrate_id_to_bigint.go:41.10,45.5 1 0
github.com/hackclub/hackatime/migrations/20211215_migrate_id_to_bigint.go:47.4,48.14 2 0
github.com/hackclub/hackatime/migrations/20211215_migrate_id_to_bigint.go:52.2,52.26 1 0
github.com/hackclub/hackatime/migrations/20212212_total_summary_heartbeats.go:12.13,16.50 2 0
github.com/hackclub/hackatime/migrations/20212212_total_summary_heartbeats.go:16.50,17.24 1 0
github.com/hackclub/hackatime/migrations/20212212_total_summary_heartbeats.go:17.24,19.5 1 0
github.com/hackclub/hackatime/migrations/20212212_total_summary_heartbeats.go:21.4,28.40 3 0
github.com/hackclub/hackatime/migrations/20212212_total_summary_heartbeats.go:28.40,30.5 1 0
github.com/hackclub/hackatime/migrations/20212212_total_summary_heartbeats.go:32.4,33.32 2 0
github.com/hackclub/hackatime/migrations/20212212_total_summary_heartbeats.go:33.32,36.5 2 0
github.com/hackclub/hackatime/migrations/20212212_total_summary_heartbeats.go:37.4,37.44 1 0
github.com/hackclub/hackatime/migrations/20212212_total_summary_heartbeats.go:37.44,41.5 3 0
github.com/hackclub/hackatime/migrations/20212212_total_summary_heartbeats.go:43.4,44.14 2 0
github.com/hackclub/hackatime/migrations/20212212_total_summary_heartbeats.go:48.2,48.26 1 0
github.com/hackclub/hackatime/migrations/20220317_align_num_heartbeats.go:11.13,15.50 2 0
github.com/hackclub/hackatime/migrations/20220317_align_num_heartbeats.go:15.50,16.24 1 0
github.com/hackclub/hackatime/migrations/20220317_align_num_heartbeats.go:16.24,18.5 1 0
github.com/hackclub/hackatime/migrations/20220317_align_num_heartbeats.go:20.4,28.40 3 0
github.com/hackclub/hackatime/migrations/20220317_align_num_heartbeats.go:28.40,30.5 1 0
github.com/hackclub/hackatime/migrations/20220317_align_num_heartbeats.go:33.4,45.39 2 0
github.com/hackclub/hackatime/migrations/20220317_align_num_heartbeats.go:45.39,47.5 1 0
github.com/hackclub/hackatime/migrations/20220317_align_num_heartbeats.go:49.4,52.14 3 0
github.com/hackclub/hackatime/migrations/20220317_align_num_heartbeats.go:56.2,56.26 1 0
github.com/hackclub/hackatime/migrations/20220318_mysql_timestamp_precision.go:10.13,14.50 2 0
github.com/hackclub/hackatime/migrations/20220318_mysql_timestamp_precision.go:14.50,15.24 1 0
github.com/hackclub/hackatime/migrations/20220318_mysql_timestamp_precision.go:15.24,17.5 1 0
github.com/hackclub/hackatime/migrations/20220318_mysql_timestamp_precision.go:19.4,19.24 1 0
github.com/hackclub/hackatime/migrations/20220318_mysql_timestamp_precision.go:19.24,24.110 4 0
github.com/hackclub/hackatime/migrations/20220318_mysql_timestamp_precision.go:24.110,26.6 1 0
github.com/hackclub/hackatime/migrations/20220318_mysql_timestamp_precision.go:27.5,27.116 1 0
github.com/hackclub/hackatime/migrations/20220318_mysql_timestamp_precision.go:27.116,29.6 1 0
github.com/hackclub/hackatime/migrations/20220318_mysql_timestamp_precision.go:30.5,33.69 3 0
github.com/hackclub/hackatime/migrations/20220318_mysql_timestamp_precision.go:36.4,37.14 2 0
github.com/hackclub/hackatime/migrations/20220318_mysql_timestamp_precision.go:41.2,41.26 1 0
github.com/hackclub/hackatime/migrations/202203191_drop_diagnostics_user.go:11.13,15.50 2 0
github.com/hackclub/hackatime/migrations/202203191_drop_diagnostics_user.go:15.50,16.24 1 0
github.com/hackclub/hackatime/migrations/202203191_drop_diagnostics_user.go:16.24,18.5 1 0
github.com/hackclub/hackatime/migrations/202203191_drop_diagnostics_user.go:20.4,22.60 2 0
github.com/hackclub/hackatime/migrations/202203191_drop_diagnostics_user.go:22.60,25.97 2 0
github.com/hackclub/hackatime/migrations/202203191_drop_diagnostics_user.go:25.97,27.6 1 0
github.com/hackclub/hackatime/migrations/202203191_drop_diagnostics_user.go:29.5,29.81 1 0
github.com/hackclub/hackatime/migrations/202203191_drop_diagnostics_user.go:29.81,31.6 1 0
github.com/hackclub/hackatime/migrations/202203191_drop_diagnostics_user.go:34.4,35.14 2 0
github.com/hackclub/hackatime/migrations/202203191_drop_diagnostics_user.go:39.2,39.26 1 0
github.com/hackclub/hackatime/migrations/20220403_drop_user_project_idx.go:17.13,23.50 3 0
github.com/hackclub/hackatime/migrations/20220403_drop_user_project_idx.go:23.50,24.77 1 0
github.com/hackclub/hackatime/migrations/20220403_drop_user_project_idx.go:24.77,26.5 1 0
github.com/hackclub/hackatime/migrations/20220403_drop_user_project_idx.go:28.4,28.81 1 0
github.com/hackclub/hackatime/migrations/20220403_drop_user_project_idx.go:28.81,30.81 2 0
github.com/hackclub/hackatime/migrations/20220403_drop_user_project_idx.go:30.81,32.6 1 0
github.com/hackclub/hackatime/migrations/20220403_drop_user_project_idx.go:35.4,36.14 2 0
github.com/hackclub/hackatime/migrations/20220403_drop_user_project_idx.go:40.2,40.25 1 0
github.com/hackclub/hackatime/migrations/20220930_drop_heartbeats_entity_idx.go:9.13,15.50 3 0
github.com/hackclub/hackatime/migrations/20220930_drop_heartbeats_entity_idx.go:15.50,16.109 1 0
github.com/hackclub/hackatime/migrations/20220930_drop_heartbeats_entity_idx.go:16.109,18.5 1 0
github.com/hackclub/hackatime/migrations/20220930_drop_heartbeats_entity_idx.go:19.4,19.64 1 0
github.com/hackclub/hackatime/migrations/20220930_drop_heartbeats_entity_idx.go:23.2,23.25 1 0
github.com/hackclub/hackatime/migrations/20221002_fix_summary_id_types.go:13.13,18.50 2 0
github.com/hackclub/hackatime/migrations/20221002_fix_summary_id_types.go:18.50,19.48 1 0
github.com/hackclub/hackatime/migrations/20221002_fix_summary_id_types.go:19.48,21.5 1 0
github.com/hackclub/hackatime/migrations/20221002_fix_summary_id_types.go:23.4,23.100 1 0
github.com/hackclub/hackatime/migrations/20221002_fix_summary_id_types.go:23.100,25.5 1 0
github.com/hackclub/hackatime/migrations/20221002_fix_summary_id_types.go:27.4,34.42 2 0
github.com/hackclub/hackatime/migrations/20221002_fix_summary_id_types.go:34.42,36.5 1 0
github.com/hackclub/hackatime/migrations/20221002_fix_summary_id_types.go:38.4,38.45 1 0
github.com/hackclub/hackatime/migrations/20221002_fix_summary_id_types.go:38.45,39.83 1 0
github.com/hackclub/hackatime/migrations/20221002_fix_summary_id_types.go:39.83,40.104 1 0
github.com/hackclub/hackatime/migrations/20221002_fix_summary_id_types.go:40.104,42.7 1 0
github.com/hackclub/hackatime/migrations/20221002_fix_summary_id_types.go:44.5,44.85 1 0
github.com/hackclub/hackatime/migrations/20221002_fix_summary_id_types.go:44.85,45.106 1 0
github.com/hackclub/hackatime/migrations/20221002_fix_summary_id_types.go:45.106,47.7 1 0
github.com/hackclub/hackatime/migrations/20221002_fix_summary_id_types.go:49.5,49.84 1 0
github.com/hackclub/hackatime/migrations/20221002_fix_summary_id_types.go:49.84,50.105 1 0
github.com/hackclub/hackatime/migrations/20221002_fix_summary_id_types.go:50.105,52.7 1 0
github.com/hackclub/hackatime/migrations/20221002_fix_summary_id_types.go:54.5,54.93 1 0
github.com/hackclub/hackatime/migrations/20221002_fix_summary_id_types.go:54.93,55.114 1 0
github.com/hackclub/hackatime/migrations/20221002_fix_summary_id_types.go:55.114,57.7 1 0
github.com/hackclub/hackatime/migrations/20221002_fix_summary_id_types.go:59.5,59.84 1 0
github.com/hackclub/hackatime/migrations/20221002_fix_summary_id_types.go:59.84,60.105 1 0
github.com/hackclub/hackatime/migrations/20221002_fix_summary_id_types.go:60.105,62.7 1 0
github.com/hackclub/hackatime/migrations/20221002_fix_summary_id_types.go:65.5,65.87 1 0
github.com/hackclub/hackatime/migrations/20221002_fix_summary_id_types.go:65.87,66.108 1 0
github.com/hackclub/hackatime/migrations/20221002_fix_summary_id_types.go:66.108,68.7 1 0
github.com/hackclub/hackatime/migrations/20221002_fix_summary_id_types.go:70.5,70.82 1 0
github.com/hackclub/hackatime/migrations/20221002_fix_summary_id_types.go:70.82,71.103 1 0
github.com/hackclub/hackatime/migrations/20221002_fix_summary_id_types.go:71.103,73.7 1 0
github.com/hackclub/hackatime/migrations/20221002_fix_summary_id_types.go:76.5,76.78 1 0
github.com/hackclub/hackatime/migrations/20221002_fix_summary_id_types.go:76.78,78.6 1 0
github.com/hackclub/hackatime/migrations/20221002_fix_summary_id_types.go:79.5,79.90 1 0
github.com/hackclub/hackatime/migrations/20221002_fix_summary_id_types.go:79.90,81.6 1 0
github.com/hackclub/hackatime/migrations/20221002_fix_summary_id_types.go:84.4,84.14 1 0
github.com/hackclub/hackatime/migrations/20221002_fix_summary_id_types.go:88.2,88.25 1 0
github.com/hackclub/hackatime/migrations/20221016_drop_rank_column.go:11.13,15.50 2 0
github.com/hackclub/hackatime/migrations/20221016_drop_rank_column.go:15.50,16.24 1 0
github.com/hackclub/hackatime/migrations/20221016_drop_rank_column.go:16.24,18.5 1 0
github.com/hackclub/hackatime/migrations/20221016_drop_rank_column.go:20.4,22.109 2 0
github.com/hackclub/hackatime/migrations/20221016_drop_rank_column.go:22.109,25.82 2 0
github.com/hackclub/hackatime/migrations/20221016_drop_rank_column.go:25.82,27.6 1 0
github.com/hackclub/hackatime/migrations/20221016_drop_rank_column.go:30.4,31.14 2 0
github.com/hackclub/hackatime/migrations/20221016_drop_rank_column.go:35.2,35.26 1 0
github.com/hackclub/hackatime/migrations/20221028_fix_heartbeats_time_user_idx.go:16.13,20.50 2 0
github.com/hackclub/hackatime/migrations/20221028_fix_heartbeats_time_user_idx.go:20.50,23.47 2 0
github.com/hackclub/hackatime/migrations/20221028_fix_heartbeats_time_user_idx.go:23.47,25.5 1 0
github.com/hackclub/hackatime/migrations/20221028_fix_heartbeats_time_user_idx.go:27.4,28.24 2 0
github.com/hackclub/hackatime/migrations/20221028_fix_heartbeats_time_user_idx.go:28.24,32.5 1 0
github.com/hackclub/hackatime/migrations/20221028_fix_heartbeats_time_user_idx.go:33.4,33.25 1 0
github.com/hackclub/hackatime/migrations/20221028_fix_heartbeats_time_user_idx.go:33.25,42.35 2 0
github.com/hackclub/hackatime/migrations/20221028_fix_heartbeats_time_user_idx.go:42.35,44.6 1 0
github.com/hackclub/hackatime/migrations/20221028_fix_heartbeats_time_user_idx.go:46.5,47.116 2 0
github.com/hackclub/hackatime/migrations/20221028_fix_heartbeats_time_user_idx.go:47.116,49.6 1 0
github.com/hackclub/hackatime/migrations/20221028_fix_heartbeats_time_user_idx.go:50.10,52.19 2 0
github.com/hackclub/hackatime/migrations/20221028_fix_heartbeats_time_user_idx.go:52.19,54.6 1 0
github.com/hackclub/hackatime/migrations/20221028_fix_heartbeats_time_user_idx.go:56.5,56.33 1 0
github.com/hackclub/hackatime/migrations/20221028_fix_heartbeats_time_user_idx.go:56.33,57.97 1 0
github.com/hackclub/hackatime/migrations/20221028_fix_heartbeats_time_user_idx.go:57.97,59.12 2 0
github.com/hackclub/hackatime/migrations/20221028_fix_heartbeats_time_user_idx.go:64.4,64.13 1 0
github.com/hackclub/hackatime/migrations/20221028_fix_heartbeats_time_user_idx.go:64.13,66.5 1 0
github.com/hackclub/hackatime/migrations/20221028_fix_heartbeats_time_user_idx.go:68.4,68.83 1 0
github.com/hackclub/hackatime/migrations/20221028_fix_heartbeats_time_user_idx.go:68.83,70.5 1 0
github.com/hackclub/hackatime/migrations/20221028_fix_heartbeats_time_user_idx.go:71.4,73.14 2 0
github.com/hackclub/hackatime/migrations/20221028_fix_heartbeats_time_user_idx.go:77.2,77.25 1 0
github.com/hackclub/hackatime/migrations/20230219_add_astro_language.go:10.13,14.50 2 0
github.com/hackclub/hackatime/migrations/20230219_add_astro_language.go:14.50,15.24 1 0
github.com/hackclub/hackatime/migrations/20230219_add_astro_language.go:15.24,17.5 1 0
github.com/hackclub/hackatime/migrations/20230219_add_astro_language.go:19.4,21.130 2 0
github.com/hackclub/hackatime/migrations/20230219_add_astro_language.go:21.130,23.5 1 0
github.com/hackclub/hackatime/migrations/20230219_add_astro_language.go:25.4,26.14 2 0
github.com/hackclub/hackatime/migrations/20230219_add_astro_language.go:30.2,30.26 1 0
github.com/hackclub/hackatime/migrations/20230219_add_subscription_renewal.go:11.13,15.50 2 0
github.com/hackclub/hackatime/migrations/20230219_add_subscription_renewal.go:15.50,16.24 1 0
github.com/hackclub/hackatime/migrations/20230219_add_subscription_renewal.go:16.24,18.5 1 0
github.com/hackclub/hackatime/migrations/20230219_add_subscription_renewal.go:20.4,22.66 2 0
github.com/hackclub/hackatime/migrations/20230219_add_subscription_renewal.go:22.66,25.136 2 0
github.com/hackclub/hackatime/migrations/20230219_add_subscription_renewal.go:25.136,27.6 1 0
github.com/hackclub/hackatime/migrations/20230219_add_subscription_renewal.go:30.4,31.14 2 0
github.com/hackclub/hackatime/migrations/20230219_add_subscription_renewal.go:35.2,35.26 1 0
github.com/hackclub/hackatime/migrations/20231023_fill_last_branch.go:11.13,15.50 2 0
github.com/hackclub/hackatime/migrations/20231023_fill_last_branch.go:15.50,16.24 1 0
github.com/hackclub/hackatime/migrations/20231023_fill_last_branch.go:16.24,18.5 1 0
github.com/hackclub/hackatime/migrations/20231023_fill_last_branch.go:20.4,21.105 2 0
github.com/hackclub/hackatime/migrations/20231023_fill_last_branch.go:21.105,23.5 1 0
github.com/hackclub/hackatime/migrations/20231023_fill_last_branch.go:25.4,28.33 2 0
github.com/hackclub/hackatime/migrations/20231023_fill_last_branch.go:28.33,30.22 2 0
github.com/hackclub/hackatime/migrations/20231023_fill_last_branch.go:30.22,37.40 2 0
github.com/hackclub/hackatime/migrations/20231023_fill_last_branch.go:37.40,39.7 1 0
github.com/hackclub/hackatime/migrations/20231023_fill_last_branch.go:40.6,43.38 1 0
github.com/hackclub/hackatime/migrations/20231023_fill_last_branch.go:47.4,50.14 3 0
github.com/hackclub/hackatime/migrations/20231023_fill_last_branch.go:54.2,54.26 1 0
github.com/hackclub/hackatime/migrations/20240925_add_name_field.go:11.13,15.50 2 0
github.com/hackclub/hackatime/migrations/20240925_add_name_field.go:15.50,16.24 1 0
github.com/hackclub/hackatime/migrations/20240925_add_name_field.go:16.24,18.5 1 0
github.com/hackclub/hackatime/migrations/20240925_add_name_field.go:20.4,22.51 2 0
github.com/hackclub/hackatime/migrations/20240925_add_name_field.go:22.51,25.71 2 0
github.com/hackclub/hackatime/migrations/20240925_add_name_field.go:25.71,27.6 1 0
github.com/hackclub/hackatime/migrations/20240925_add_name_field.go:30.4,31.14 2 0
github.com/hackclub/hackatime/migrations/20240925_add_name_field.go:35.2,35.26 1 0
github.com/hackclub/hackatime/migrations/migrations.go:27.61,28.24 1 0
github.com/hackclub/hackatime/migrations/migrations.go:29.10,30.34 1 0
github.com/hackclub/hackatime/migrations/migrations.go:30.34,31.92 1 0
github.com/hackclub/hackatime/migrations/migrations.go:31.92,33.5 1 0
github.com/hackclub/hackatime/migrations/migrations.go:34.4,34.102 1 0
github.com/hackclub/hackatime/migrations/migrations.go:34.102,36.5 1 0
github.com/hackclub/hackatime/migrations/migrations.go:37.4,37.93 1 0
github.com/hackclub/hackatime/migrations/migrations.go:37.93,39.5 1 0
github.com/hackclub/hackatime/migrations/migrations.go:40.4,40.97 1 0
github.com/hackclub/hackatime/migrations/migrations.go:40.97,42.5 1 0
github.com/hackclub/hackatime/migrations/migrations.go:43.4,43.95 1 0
github.com/hackclub/hackatime/migrations/migrations.go:43.95,45.5 1 0
github.com/hackclub/hackatime/migrations/migrations.go:46.4,46.99 1 0
github.com/hackclub/hackatime/migrations/migrations.go:46.99,48.5 1 0
github.com/hackclub/hackatime/migrations/migrations.go:49.4,49.103 1 0
github.com/hackclub/hackatime/migrations/migrations.go:49.103,51.5 1 0
github.com/hackclub/hackatime/migrations/migrations.go:52.4,52.100 1 0
github.com/hackclub/hackatime/migrations/migrations.go:52.100,54.5 1 0
github.com/hackclub/hackatime/migrations/migrations.go:55.4,55.99 1 0
github.com/hackclub/hackatime/migrations/migrations.go:55.99,57.5 1 0
github.com/hackclub/hackatime/migrations/migrations.go:58.4,58.103 1 0
github.com/hackclub/hackatime/migrations/migrations.go:58.103,60.5 1 0
github.com/hackclub/hackatime/migrations/migrations.go:61.4,61.14 1 0
github.com/hackclub/hackatime/migrations/migrations.go:66.44,68.2 1 0
github.com/hackclub/hackatime/migrations/migrations.go:70.45,72.2 1 0
github.com/hackclub/hackatime/migrations/migrations.go:74.43,78.2 3 0
github.com/hackclub/hackatime/migrations/migrations.go:80.59,81.50 1 0
github.com/hackclub/hackatime/migrations/migrations.go:81.50,83.3 1 0
github.com/hackclub/hackatime/migrations/migrations.go:86.56,89.34 2 0
github.com/hackclub/hackatime/migrations/migrations.go:89.34,91.38 2 0
github.com/hackclub/hackatime/migrations/migrations.go:91.38,93.4 1 0
github.com/hackclub/hackatime/migrations/migrations.go:97.57,100.35 2 0
github.com/hackclub/hackatime/migrations/migrations.go:100.35,102.38 2 0
github.com/hackclub/hackatime/migrations/migrations.go:102.38,104.4 1 0
github.com/hackclub/hackatime/migrations/migrations.go:108.35,110.2 1 0
github.com/hackclub/hackatime/migrations/migrations.go:112.45,114.2 1 0
github.com/hackclub/hackatime/migrations/migrations.go:116.40,118.2 1 0
github.com/hackclub/hackatime/migrations/shared.go:11.44,15.64 3 0
github.com/hackclub/hackatime/migrations/shared.go:15.64,18.3 2 0
github.com/hackclub/hackatime/migrations/shared.go:19.2,19.14 1 0
github.com/hackclub/hackatime/migrations/shared.go:22.42,26.23 1 0
github.com/hackclub/hackatime/migrations/shared.go:26.23,28.3 1 0
github.com/hackclub/hackatime/models/metrics/counter_metric.go:12.37,14.2 1 0
github.com/hackclub/hackatime/models/metrics/counter_metric.go:16.39,18.2 1 0
github.com/hackclub/hackatime/models/metrics/counter_metric.go:20.40,22.2 1 0
github.com/hackclub/hackatime/models/metrics/gauge_metric.go:12.35,14.2 1 0
github.com/hackclub/hackatime/models/metrics/gauge_metric.go:16.37,18.2 1 0
github.com/hackclub/hackatime/models/metrics/gauge_metric.go:20.38,22.2 1 0
github.com/hackclub/hackatime/models/metrics/label.go:15.32,17.22 2 0
github.com/hackclub/hackatime/models/metrics/label.go:17.22,19.3 1 0
github.com/hackclub/hackatime/models/metrics/label.go:20.2,20.17 1 0
github.com/hackclub/hackatime/models/metrics/label.go:20.17,22.3 1 0
github.com/hackclub/hackatime/models/metrics/label.go:23.2,23.62 1 0
github.com/hackclub/hackatime/models/metrics/label.go:26.31,28.2 1 0
github.com/hackclub/hackatime/models/metrics/metric.go:14.42,16.22 2 0
github.com/hackclub/hackatime/models/metrics/metric.go:16.22,17.44 1 0
github.com/hackclub/hackatime/models/metrics/metric.go:17.44,20.4 2 0
github.com/hackclub/hackatime/models/metrics/metric.go:21.3,21.43 1 0
github.com/hackclub/hackatime/models/metrics/metric.go:24.2,24.15 1 0
github.com/hackclub/hackatime/models/metrics/metric.go:27.28,29.2 1 0
github.com/hackclub/hackatime/models/metrics/metric.go:31.38,33.2 1 0
github.com/hackclub/hackatime/models/metrics/metric.go:35.33,37.2 1 0
github.com/hackclub/hackatime/models/compat/wakatime/v1/all_time.go:31.64,48.2 3 0
github.com/hackclub/hackatime/models/compat/wakatime/v1/heartbeat.go:33.72,35.36 2 0
github.com/hackclub/hackatime/models/compat/wakatime/v1/heartbeat.go:35.36,52.3 2 0
github.com/hackclub/hackatime/models/compat/wakatime/v1/heartbeat.go:53.2,53.12 1 0
github.com/hackclub/hackatime/models/compat/wakatime/v1/stats.go:42.85,57.17 4 0
github.com/hackclub/hackatime/models/compat/wakatime/v1/stats.go:57.17,60.3 2 0
github.com/hackclub/hackatime/models/compat/wakatime/v1/stats.go:61.2,61.71 1 0
github.com/hackclub/hackatime/models/compat/wakatime/v1/stats.go:61.71,63.3 1 0
github.com/hackclub/hackatime/models/compat/wakatime/v1/stats.go:65.2,66.36 2 0
github.com/hackclub/hackatime/models/compat/wakatime/v1/stats.go:66.36,68.3 1 0
github.com/hackclub/hackatime/models/compat/wakatime/v1/stats.go:70.2,71.38 2 0
github.com/hackclub/hackatime/models/compat/wakatime/v1/stats.go:71.38,73.3 1 0
github.com/hackclub/hackatime/models/compat/wakatime/v1/stats.go:75.2,76.37 2 0
github.com/hackclub/hackatime/models/compat/wakatime/v1/stats.go:76.37,78.3 1 0
github.com/hackclub/hackatime/models/compat/wakatime/v1/stats.go:80.2,81.37 2 0
github.com/hackclub/hackatime/models/compat/wakatime/v1/stats.go:81.37,83.3 1 0
github.com/hackclub/hackatime/models/compat/wakatime/v1/stats.go:85.2,86.45 2 0
github.com/hackclub/hackatime/models/compat/wakatime/v1/stats.go:86.45,88.3 1 0
github.com/hackclub/hackatime/models/compat/wakatime/v1/stats.go:90.2,91.37 2 0
github.com/hackclub/hackatime/models/compat/wakatime/v1/stats.go:91.37,93.3 1 0
github.com/hackclub/hackatime/models/compat/wakatime/v1/stats.go:95.2,96.39 2 0
github.com/hackclub/hackatime/models/compat/wakatime/v1/stats.go:96.39,98.3 1 0
github.com/hackclub/hackatime/models/compat/wakatime/v1/stats.go:102.2,110.29 8 0
github.com/hackclub/hackatime/models/compat/wakatime/v1/stats.go:110.29,112.3 1 0
github.com/hackclub/hackatime/models/compat/wakatime/v1/stats.go:114.2,116.3 1 0
github.com/hackclub/hackatime/models/compat/wakatime/v1/summaries.go:86.55,88.44 2 0
github.com/hackclub/hackatime/models/compat/wakatime/v1/summaries.go:88.44,94.3 1 0
github.com/hackclub/hackatime/models/compat/wakatime/v1/summaries.go:95.2,95.34 1 0
github.com/hackclub/hackatime/models/compat/wakatime/v1/summaries.go:98.72,102.30 3 0
github.com/hackclub/hackatime/models/compat/wakatime/v1/summaries.go:102.30,105.37 2 0
github.com/hackclub/hackatime/models/compat/wakatime/v1/summaries.go:105.37,107.4 1 0
github.com/hackclub/hackatime/models/compat/wakatime/v1/summaries.go:108.3,108.34 1 0
github.com/hackclub/hackatime/models/compat/wakatime/v1/summaries.go:108.34,110.4 1 0
github.com/hackclub/hackatime/models/compat/wakatime/v1/summaries.go:113.2,115.30 3 0
github.com/hackclub/hackatime/models/compat/wakatime/v1/summaries.go:115.30,119.3 3 0
github.com/hackclub/hackatime/models/compat/wakatime/v1/summaries.go:121.2,145.3 5 0
github.com/hackclub/hackatime/models/compat/wakatime/v1/summaries.go:148.52,182.67 7 0
github.com/hackclub/hackatime/models/compat/wakatime/v1/summaries.go:182.67,184.32 2 0
github.com/hackclub/hackatime/models/compat/wakatime/v1/summaries.go:184.32,186.4 1 0
github.com/hackclub/hackatime/models/compat/wakatime/v1/summaries.go:189.2,190.67 2 0
github.com/hackclub/hackatime/models/compat/wakatime/v1/summaries.go:190.67,192.31 2 0
github.com/hackclub/hackatime/models/compat/wakatime/v1/summaries.go:192.31,194.4 1 0
github.com/hackclub/hackatime/models/compat/wakatime/v1/summaries.go:197.2,198.67 2 0
github.com/hackclub/hackatime/models/compat/wakatime/v1/summaries.go:198.67,200.33 2 0
github.com/hackclub/hackatime/models/compat/wakatime/v1/summaries.go:200.33,202.4 1 0
github.com/hackclub/hackatime/models/compat/wakatime/v1/summaries.go:205.2,206.67 2 0
github.com/hackclub/hackatime/models/compat/wakatime/v1/summaries.go:206.67,208.40 2 0
github.com/hackclub/hackatime/models/compat/wakatime/v1/summaries.go:208.40,210.4 1 0
github.com/hackclub/hackatime/models/compat/wakatime/v1/summaries.go:213.2,214.67 2 0
github.com/hackclub/hackatime/models/compat/wakatime/v1/summaries.go:214.67,216.32 2 0
github.com/hackclub/hackatime/models/compat/wakatime/v1/summaries.go:216.32,218.4 1 0
github.com/hackclub/hackatime/models/compat/wakatime/v1/summaries.go:221.2,222.67 2 0
github.com/hackclub/hackatime/models/compat/wakatime/v1/summaries.go:222.67,224.32 2 0
github.com/hackclub/hackatime/models/compat/wakatime/v1/summaries.go:224.32,226.4 1 0
github.com/hackclub/hackatime/models/compat/wakatime/v1/summaries.go:229.2,230.67 2 0
github.com/hackclub/hackatime/models/compat/wakatime/v1/summaries.go:230.67,232.32 2 0
github.com/hackclub/hackatime/models/compat/wakatime/v1/summaries.go:232.32,234.4 1 0
github.com/hackclub/hackatime/models/compat/wakatime/v1/summaries.go:237.2,238.67 2 0
github.com/hackclub/hackatime/models/compat/wakatime/v1/summaries.go:238.67,240.34 2 0
github.com/hackclub/hackatime/models/compat/wakatime/v1/summaries.go:240.34,242.4 1 0
github.com/hackclub/hackatime/models/compat/wakatime/v1/summaries.go:245.2,245.23 1 0
github.com/hackclub/hackatime/models/compat/wakatime/v1/summaries.go:245.23,247.3 1 0
github.com/hackclub/hackatime/models/compat/wakatime/v1/summaries.go:248.2,248.23 1 0
github.com/hackclub/hackatime/models/compat/wakatime/v1/summaries.go:248.23,250.3 1 0
github.com/hackclub/hackatime/models/compat/wakatime/v1/summaries.go:252.2,253.13 2 0
github.com/hackclub/hackatime/models/compat/wakatime/v1/summaries.go:256.85,262.57 6 0
github.com/hackclub/hackatime/models/compat/wakatime/v1/summaries.go:262.57,264.3 1 0
github.com/hackclub/hackatime/models/compat/wakatime/v1/summaries.go:266.2,275.3 1 0
github.com/hackclub/hackatime/models/compat/wakatime/v1/user.go:38.43,41.25 3 0
github.com/hackclub/hackatime/models/compat/wakatime/v1/user.go:41.25,43.3 1 0
github.com/hackclub/hackatime/models/compat/wakatime/v1/user.go:45.2,47.43 2 0
github.com/hackclub/hackatime/models/compat/wakatime/v1/user.go:47.43,49.3 1 0
github.com/hackclub/hackatime/models/compat/wakatime/v1/user.go:51.2,60.3 1 0
github.com/hackclub/hackatime/models/compat/wakatime/v1/user.go:63.63,68.2 4 0
github.com/hackclub/hackatime/models/compat/shields/v1/badge.go:22.59,29.2 1 0
github.com/hackclub/hackatime/models/view/common.go:31.77,37.21 2 0
github.com/hackclub/hackatime/models/view/common.go:37.21,39.3 1 0
github.com/hackclub/hackatime/models/view/common.go:40.2,40.11 1 0
github.com/hackclub/hackatime/models/view/common.go:43.45,45.2 1 0
github.com/hackclub/hackatime/models/view/common.go:47.47,49.2 1 0
github.com/hackclub/hackatime/models/view/home.go:15.62,18.2 2 0
github.com/hackclub/hackatime/models/view/home.go:20.60,23.2 2 0
github.com/hackclub/hackatime/models/view/imprint.go:8.68,11.2 2 0
github.com/hackclub/hackatime/models/view/imprint.go:13.66,16.2 2 0
github.com/hackclub/hackatime/models/view/imprint.go:18.69,21.2 2 0
github.com/hackclub/hackatime/models/view/leaderboard.go:21.76,24.2 2 0
github.com/hackclub/hackatime/models/view/leaderboard.go:26.74,29.2 2 0
github.com/hackclub/hackatime/models/view/leaderboard.go:31.113,32.53 1 0
github.com/hackclub/hackatime/models/view/leaderboard.go:32.53,34.3 1 0
github.com/hackclub/hackatime/models/view/leaderboard.go:35.2,35.11 1 0
github.com/hackclub/hackatime/models/view/leaderboard.go:38.61,40.2 1 0
github.com/hackclub/hackatime/models/view/leaderboard.go:42.55,44.2 1 0
github.com/hackclub/hackatime/models/view/login.go:16.64,19.2 2 0
github.com/hackclub/hackatime/models/view/login.go:21.62,24.2 2 0
github.com/hackclub/hackatime/models/view/projects.go:20.58,22.2 1 0
github.com/hackclub/hackatime/models/view/projects.go:24.65,28.2 3 0
github.com/hackclub/hackatime/models/view/projects.go:30.70,33.2 2 0
github.com/hackclub/hackatime/models/view/projects.go:35.68,38.2 2 0
github.com/hackclub/hackatime/models/view/projects.go:40.49,41.21 1 0
github.com/hackclub/hackatime/models/view/projects.go:41.21,42.122 1 0
github.com/hackclub/hackatime/models/view/projects.go:42.122,44.4 1 0
github.com/hackclub/hackatime/models/view/projects.go:46.2,46.36 1 0
github.com/hackclub/hackatime/models/view/projects.go:49.75,57.2 3 0
github.com/hackclub/hackatime/models/view/settings.go:33.57,35.2 1 0
github.com/hackclub/hackatime/models/view/settings.go:37.70,40.2 2 0
github.com/hackclub/hackatime/models/view/settings.go:42.68,45.2 2 0
github.com/hackclub/hackatime/models/view/shop.go:14.54,16.2 1 0
github.com/hackclub/hackatime/models/view/shop.go:18.62,21.2 2 0
github.com/hackclub/hackatime/models/view/shop.go:23.60,26.2 2 0
github.com/hackclub/hackatime/models/view/summary.go:23.51,30.2 2 0
github.com/hackclub/hackatime/models/view/summary.go:32.68,35.2 2 0
github.com/hackclub/hackatime/models/view/summary.go:37.66,40.2 2 0
github.com/hackclub/hackatime/models/view/utils.go:5.46,32.55 2 0
github.com/hackclub/hackatime/models/view/utils.go:32.55,34.3 1 0
github.com/hackclub/hackatime/models/view/utils.go:35.2,35.11 1 0
github.com/hackclub/hackatime/repositories/alias.go:14.55,16.2 1 0
github.com/hackclub/hackatime/repositories/alias.go:18.61,20.50 2 0
github.com/hackclub/hackatime/repositories/alias.go:20.50,22.3 1 0
github.com/hackclub/hackatime/repositories/alias.go:23.2,23.21 1 0
github.com/hackclub/hackatime/repositories/alias.go:26.77,28.18 2 0
github.com/hackclub/hackatime/repositories/alias.go:28.18,30.3 1 0
github.com/hackclub/hackatime/repositories/alias.go:31.2,33.36 1 0
github.com/hackclub/hackatime/repositories/alias.go:33.36,35.3 1 0
github.com/hackclub/hackatime/repositories/alias.go:36.2,36.21 1 0
github.com/hackclub/hackatime/repositories/alias.go:39.88,41.18 2 0
github.com/hackclub/hackatime/repositories/alias.go:41.18,43.3 1 0
github.com/hackclub/hackatime/repositories/alias.go:44.2,49.36 1 0
github.com/hackclub/hackatime/repositories/alias.go:49.36,51.3 1 0
github.com/hackclub/hackatime/repositories/alias.go:52.2,52.21 1 0
github.com/hackclub/hackatime/repositories/alias.go:55.114,57.18 2 0
github.com/hackclub/hackatime/repositories/alias.go:57.18,59.3 1 0
github.com/hackclub/hackatime/repositories/alias.go:60.2,66.36 1 0
github.com/hackclub/hackatime/repositories/alias.go:66.36,68.3 1 0
github.com/hackclub/hackatime/repositories/alias.go:69.2,69.21 1 0
github.com/hackclub/hackatime/repositories/alias.go:72.123,74.18 2 0
github.com/hackclub/hackatime/repositories/alias.go:74.18,76.3 1 0
github.com/hackclub/hackatime/repositories/alias.go:77.2,83.34 1 0
github.com/hackclub/hackatime/repositories/alias.go:83.34,85.3 1 0
github.com/hackclub/hackatime/repositories/alias.go:86.2,86.19 1 0
github.com/hackclub/hackatime/repositories/alias.go:89.78,90.22 1 0
github.com/hackclub/hackatime/repositories/alias.go:90.22,92.3 1 0
github.com/hackclub/hackatime/repositories/alias.go:93.2,94.37 2 0
github.com/hackclub/hackatime/repositories/alias.go:94.37,96.3 1 0
github.com/hackclub/hackatime/repositories/alias.go:97.2,97.19 1 0
github.com/hackclub/hackatime/repositories/alias.go:100.49,104.2 1 0
github.com/hackclub/hackatime/repositories/alias.go:106.57,110.2 1 0
github.com/hackclub/hackatime/repositories/diagnostics.go:12.67,14.2 1 0
github.com/hackclub/hackatime/repositories/diagnostics.go:16.102,18.2 1 0
github.com/hackclub/hackatime/repositories/heartbeat.go:21.63,23.2 1 0
github.com/hackclub/hackatime/repositories/heartbeat.go:26.69,28.53 2 0
github.com/hackclub/hackatime/repositories/heartbeat.go:28.53,30.3 1 0
github.com/hackclub/hackatime/repositories/heartbeat.go:31.2,31.24 1 0
github.com/hackclub/hackatime/repositories/heartbeat.go:34.81,38.61 1 0
github.com/hackclub/hackatime/repositories/heartbeat.go:38.61,39.32 1 0
github.com/hackclub/hackatime/repositories/heartbeat.go:39.32,41.18 2 0
github.com/hackclub/hackatime/repositories/heartbeat.go:41.18,42.140 1 0
github.com/hackclub/hackatime/repositories/heartbeat.go:42.141,44.6 0 0
github.com/hackclub/hackatime/repositories/heartbeat.go:44.11,46.6 1 0
github.com/hackclub/hackatime/repositories/heartbeat.go:49.3,49.13 1 0
github.com/hackclub/hackatime/repositories/heartbeat.go:52.2,56.41 1 0
github.com/hackclub/hackatime/repositories/heartbeat.go:56.41,58.3 1 0
github.com/hackclub/hackatime/repositories/heartbeat.go:59.2,59.12 1 0
github.com/hackclub/hackatime/repositories/heartbeat.go:62.93,68.39 2 0
github.com/hackclub/hackatime/repositories/heartbeat.go:68.39,70.3 1 0
github.com/hackclub/hackatime/repositories/heartbeat.go:71.2,71.24 1 0
github.com/hackclub/hackatime/repositories/heartbeat.go:74.117,83.39 2 0
github.com/hackclub/hackatime/repositories/heartbeat.go:83.39,85.3 1 0
github.com/hackclub/hackatime/repositories/heartbeat.go:86.2,86.24 1 0
github.com/hackclub/hackatime/repositories/heartbeat.go:89.112,97.39 2 0
github.com/hackclub/hackatime/repositories/heartbeat.go:97.39,99.3 1 0
github.com/hackclub/hackatime/repositories/heartbeat.go:100.2,100.24 1 0
github.com/hackclub/hackatime/repositories/heartbeat.go:103.152,114.50 4 0
github.com/hackclub/hackatime/repositories/heartbeat.go:114.50,116.3 1 0
github.com/hackclub/hackatime/repositories/heartbeat.go:117.2,117.24 1 0
github.com/hackclub/hackatime/repositories/heartbeat.go:120.127,128.50 4 0
github.com/hackclub/hackatime/repositories/heartbeat.go:128.50,130.3 1 0
github.com/hackclub/hackatime/repositories/heartbeat.go:131.2,131.23 1 0
github.com/hackclub/hackatime/repositories/heartbeat.go:134.79,142.2 3 0
github.com/hackclub/hackatime/repositories/heartbeat.go:144.78,152.2 3 0
github.com/hackclub/hackatime/repositories/heartbeat.go:154.80,155.42 1 0
github.com/hackclub/hackatime/repositories/heartbeat.go:155.42,161.3 1 0
github.com/hackclub/hackatime/repositories/heartbeat.go:163.2,163.16 1 0
github.com/hackclub/hackatime/repositories/heartbeat.go:163.16,167.3 1 0
github.com/hackclub/hackatime/repositories/heartbeat.go:168.2,168.19 1 0
github.com/hackclub/hackatime/repositories/heartbeat.go:171.77,176.35 2 0
github.com/hackclub/hackatime/repositories/heartbeat.go:176.35,178.3 1 0
github.com/hackclub/hackatime/repositories/heartbeat.go:179.2,179.19 1 0
github.com/hackclub/hackatime/repositories/heartbeat.go:182.97,186.26 3 0
github.com/hackclub/hackatime/repositories/heartbeat.go:186.26,188.3 1 0
github.com/hackclub/hackatime/repositories/heartbeat.go:190.2,190.23 1 0
github.com/hackclub/hackatime/repositories/heartbeat.go:190.23,192.3 1 0
github.com/hackclub/hackatime/repositories/heartbeat.go:194.2,199.35 1 0
github.com/hackclub/hackatime/repositories/heartbeat.go:199.35,201.3 1 0
github.com/hackclub/hackatime/repositories/heartbeat.go:203.2,203.20 1 0
github.com/hackclub/hackatime/repositories/heartbeat.go:206.101,212.36 2 0
github.com/hackclub/hackatime/repositories/heartbeat.go:212.36,214.3 1 0
github.com/hackclub/hackatime/repositories/heartbeat.go:215.2,215.21 1 0
github.com/hackclub/hackatime/repositories/heartbeat.go:218.63,221.48 1 0
github.com/hackclub/hackatime/repositories/heartbeat.go:221.48,223.3 1 0
github.com/hackclub/hackatime/repositories/heartbeat.go:224.2,224.12 1 0
github.com/hackclub/hackatime/repositories/heartbeat.go:227.69,230.48 1 0
github.com/hackclub/hackatime/repositories/heartbeat.go:230.48,232.3 1 0
github.com/hackclub/hackatime/repositories/heartbeat.go:233.2,233.12 1 0
github.com/hackclub/hackatime/repositories/heartbeat.go:236.88,240.48 1 0
github.com/hackclub/hackatime/repositories/heartbeat.go:240.48,242.3 1 0
github.com/hackclub/hackatime/repositories/heartbeat.go:243.2,243.12 1 0
github.com/hackclub/hackatime/repositories/heartbeat.go:246.141,262.27 4 0
github.com/hackclub/hackatime/repositories/heartbeat.go:262.27,265.3 2 0
github.com/hackclub/hackatime/repositories/heartbeat.go:265.8,267.3 1 0
github.com/hackclub/hackatime/repositories/heartbeat.go:269.2,285.41 1 0
github.com/hackclub/hackatime/repositories/heartbeat.go:285.41,287.3 1 0
github.com/hackclub/hackatime/repositories/heartbeat.go:289.2,289.26 1 0
github.com/hackclub/hackatime/repositories/heartbeat.go:292.97,293.35 1 0
github.com/hackclub/hackatime/repositories/heartbeat.go:293.35,294.91 1 0
github.com/hackclub/hackatime/repositories/heartbeat.go:294.91,296.18 1 0
github.com/hackclub/hackatime/repositories/heartbeat.go:296.18,298.5 1 0
github.com/hackclub/hackatime/repositories/heartbeat.go:299.4,299.14 1 0
github.com/hackclub/hackatime/repositories/heartbeat.go:302.2,302.10 1 0
github.com/hackclub/hackatime/repositories/key_value.go:16.61,18.2 1 0
github.com/hackclub/hackatime/repositories/key_value.go:20.73,22.52 2 0
github.com/hackclub/hackatime/repositories/key_value.go:22.52,24.3 1 0
github.com/hackclub/hackatime/repositories/key_value.go:25.2,25.23 1 0
github.com/hackclub/hackatime/repositories/key_value.go:28.84,32.32 2 0
github.com/hackclub/hackatime/repositories/key_value.go:32.32,34.3 1 0
github.com/hackclub/hackatime/repositories/key_value.go:36.2,36.16 1 0
github.com/hackclub/hackatime/repositories/key_value.go:39.84,44.21 2 0
github.com/hackclub/hackatime/repositories/key_value.go:44.21,46.3 1 0
github.com/hackclub/hackatime/repositories/key_value.go:47.2,47.23 1 0
github.com/hackclub/hackatime/repositories/key_value.go:50.73,59.37 2 0
github.com/hackclub/hackatime/repositories/key_value.go:59.37,61.3 1 0
github.com/hackclub/hackatime/repositories/key_value.go:63.2,63.12 1 0
github.com/hackclub/hackatime/repositories/key_value.go:66.61,70.37 2 0
github.com/hackclub/hackatime/repositories/key_value.go:70.37,72.3 1 0
github.com/hackclub/hackatime/repositories/key_value.go:74.2,74.30 1 0
github.com/hackclub/hackatime/repositories/key_value.go:74.30,76.3 1 0
github.com/hackclub/hackatime/repositories/key_value.go:78.2,78.12 1 0
github.com/hackclub/hackatime/repositories/language_mapping.go:16.75,18.2 1 0
github.com/hackclub/hackatime/repositories/language_mapping.go:20.81,22.51 2 0
github.com/hackclub/hackatime/repositories/language_mapping.go:22.51,24.3 1 0
github.com/hackclub/hackatime/repositories/language_mapping.go:25.2,25.22 1 0
github.com/hackclub/hackatime/repositories/language_mapping.go:28.87,30.89 2 0
github.com/hackclub/hackatime/repositories/language_mapping.go:30.89,32.3 1 0
github.com/hackclub/hackatime/repositories/language_mapping.go:33.2,33.21 1 0
github.com/hackclub/hackatime/repositories/language_mapping.go:36.97,38.18 2 0
github.com/hackclub/hackatime/repositories/language_mapping.go:38.18,40.3 1 0
github.com/hackclub/hackatime/repositories/language_mapping.go:41.2,43.37 1 0
github.com/hackclub/hackatime/repositories/language_mapping.go:43.37,45.3 1 0
github.com/hackclub/hackatime/repositories/language_mapping.go:46.2,46.22 1 0
github.com/hackclub/hackatime/repositories/language_mapping.go:49.110,50.24 1 0
[...]
github.com/hackclub/hackatime/repositories/summary.go:159.31,161.3 1 0
github.com/hackclub/hackatime/repositories/summary.go:163.2,163.45 1 0
github.com/hackclub/hackatime/repositories/summary.go:163.45,165.3 1 0
github.com/hackclub/hackatime/repositories/summary.go:167.2,167.29 1 0
github.com/hackclub/hackatime/repositories/summary.go:167.29,168.47 1 0
github.com/hackclub/hackatime/repositories/summary.go:168.47,169.12 1 0
github.com/hackclub/hackatime/repositories/summary.go:171.3,172.24 2 0
github.com/hackclub/hackatime/repositories/summary.go:175.2,175.12 1 0
github.com/hackclub/hackatime/repositories/user.go:19.53,21.2 1 0
github.com/hackclub/hackatime/repositories/user.go:23.80,25.63 2 0
github.com/hackclub/hackatime/repositories/user.go:25.63,27.3 1 0
github.com/hackclub/hackatime/repositories/user.go:28.2,28.15 1 0
github.com/hackclub/hackatime/repositories/user.go:31.77,36.34 2 0
github.com/hackclub/hackatime/repositories/user.go:36.34,38.3 1 0
github.com/hackclub/hackatime/repositories/user.go:39.2,39.19 1 0
github.com/hackclub/hackatime/repositories/user.go:42.59,46.34 2 0
github.com/hackclub/hackatime/repositories/user.go:46.34,48.3 1 0
github.com/hackclub/hackatime/repositories/user.go:49.2,49.19 1 0
github.com/hackclub/hackatime/repositories/user.go:52.72,57.34 2 0
github.com/hackclub/hackatime/repositories/user.go:57.34,59.3 1 0
github.com/hackclub/hackatime/repositories/user.go:60.2,60.19 1 0
github.com/hackclub/hackatime/repositories/user.go:63.87,65.99 2 0
github.com/hackclub/hackatime/repositories/user.go:65.99,67.3 1 0
github.com/hackclub/hackatime/repositories/user.go:68.2,68.19 1 0
github.com/hackclub/hackatime/repositories/user.go:71.95,73.107 2 0
github.com/hackclub/hackatime/repositories/user.go:73.107,75.3 1 0
github.com/hackclub/hackatime/repositories/user.go:76.2,76.19 1 0
github.com/hackclub/hackatime/repositories/user.go:79.82,81.2 1 0
github.com/hackclub/hackatime/repositories/user.go:83.83,85.2 1 0
github.com/hackclub/hackatime/repositories/user.go:89.84,99.36 3 0
github.com/hackclub/hackatime/repositories/user.go:99.36,101.3 1 0
github.com/hackclub/hackatime/repositories/user.go:103.2,103.28 1 0
github.com/hackclub/hackatime/repositories/user.go:106.49,110.35 2 0
github.com/hackclub/hackatime/repositories/user.go:110.35,112.3 1 0
github.com/hackclub/hackatime/repositories/user.go:113.2,113.19 1 0
github.com/hackclub/hackatime/repositories/user.go:116.85,117.89 1 0
github.com/hackclub/hackatime/repositories/user.go:117.89,119.3 1 0
github.com/hackclub/hackatime/repositories/user.go:121.2,122.37 2 0
github.com/hackclub/hackatime/repositories/user.go:122.37,124.3 1 0
github.com/hackclub/hackatime/repositories/user.go:126.2,126.24 1 0
github.com/hackclub/hackatime/repositories/user.go:129.74,159.37 3 0
github.com/hackclub/hackatime/repositories/user.go:159.37,161.3 1 0
github.com/hackclub/hackatime/repositories/user.go:163.2,163.18 1 0
github.com/hackclub/hackatime/repositories/user.go:166.110,168.37 2 0
github.com/hackclub/hackatime/repositories/user.go:168.37,170.3 1 0
github.com/hackclub/hackatime/repositories/user.go:172.2,172.30 1 0
github.com/hackclub/hackatime/repositories/user.go:172.30,174.3 1 0
github.com/hackclub/hackatime/repositories/user.go:176.2,176.18 1 0
github.com/hackclub/hackatime/repositories/user.go:179.58,181.2 1 0
github.com/hackclub/hackatime/repositories/user.go:183.89,188.34 3 0
github.com/hackclub/hackatime/repositories/user.go:188.34,190.3 1 0
github.com/hackclub/hackatime/repositories/user.go:191.2,191.19 1 0
github.com/hackclub/hackatime/services/imports/wakatime.go:16.77,18.2 1 0
github.com/hackclub/hackatime/services/imports/wakatime.go:20.124,21.97 1 0
github.com/hackclub/hackatime/services/imports/wakatime.go:21.97,23.3 1 0
github.com/hackclub/hackatime/services/imports/wakatime.go:24.2,24.76 1 0
github.com/hackclub/hackatime/services/imports/wakatime.go:27.91,28.97 1 0
github.com/hackclub/hackatime/services/imports/wakatime.go:28.97,30.3 1 0
github.com/hackclub/hackatime/services/imports/wakatime.go:31.2,31.63 1 0
github.com/hackclub/hackatime/services/imports/wakatime_dump.go:31.67,37.2 1 0
github.com/hackclub/hackatime/services/imports/wakatime_dump.go:39.128,47.73 6 0
github.com/hackclub/hackatime/services/imports/wakatime_dump.go:47.73,49.74 2 0
github.com/hackclub/hackatime/services/imports/wakatime_dump.go:49.74,51.4 1 0
github.com/hackclub/hackatime/services/imports/wakatime_dump.go:54.3,54.95 1 0
github.com/hackclub/hackatime/services/imports/wakatime_dump.go:54.95,56.4 1 0
github.com/hackclub/hackatime/services/imports/wakatime_dump.go:56.9,58.4 1 0
github.com/hackclub/hackatime/services/imports/wakatime_dump.go:59.8,59.23 1 0
github.com/hackclub/hackatime/services/imports/wakatime_dump.go:59.23,61.3 1 0
github.com/hackclub/hackatime/services/imports/wakatime_dump.go:62.2,67.86 3 0
github.com/hackclub/hackatime/services/imports/wakatime_dump.go:67.86,70.17 3 0
github.com/hackclub/hackatime/services/imports/wakatime_dump.go:70.17,72.4 1 0
github.com/hackclub/hackatime/services/imports/wakatime_dump.go:74.3,75.73 2 0
github.com/hackclub/hackatime/services/imports/wakatime_dump.go:75.73,77.4 1 0
github.com/hackclub/hackatime/services/imports/wakatime_dump.go:79.3,79.120 1 0
github.com/hackclub/hackatime/services/imports/wakatime_dump.go:79.120,81.4 1 0
github.com/hackclub/hackatime/services/imports/wakatime_dump.go:81.10,83.4 1 0
github.com/hackclub/hackatime/services/imports/wakatime_dump.go:84.3,84.54 1 0
github.com/hackclub/hackatime/services/imports/wakatime_dump.go:87.2,87.53 1 0
github.com/hackclub/hackatime/services/imports/wakatime_dump.go:87.53,91.3 3 0
github.com/hackclub/hackatime/services/imports/wakatime_dump.go:93.2,93.98 1 0
github.com/hackclub/hackatime/services/imports/wakatime_dump.go:93.98,101.17 6 0
github.com/hackclub/hackatime/services/imports/wakatime_dump.go:101.17,104.4 2 0
github.com/hackclub/hackatime/services/imports/wakatime_dump.go:105.3,111.65 4 0
github.com/hackclub/hackatime/services/imports/wakatime_dump.go:111.65,114.4 2 0
github.com/hackclub/hackatime/services/imports/wakatime_dump.go:117.3,118.85 2 0
github.com/hackclub/hackatime/services/imports/wakatime_dump.go:118.85,121.4 2 0
github.com/hackclub/hackatime/services/imports/wakatime_dump.go:122.3,123.90 2 0
github.com/hackclub/hackatime/services/imports/wakatime_dump.go:123.90,126.4 2 0
github.com/hackclub/hackatime/services/imports/wakatime_dump.go:129.3,129.31 1 0
github.com/hackclub/hackatime/services/imports/wakatime_dump.go:129.31,130.35 1 0
github.com/hackclub/hackatime/services/imports/wakatime_dump.go:130.35,132.64 2 0
github.com/hackclub/hackatime/services/imports/wakatime_dump.go:132.64,133.14 1 0
github.com/hackclub/hackatime/services/imports/wakatime_dump.go:135.5,135.14 1 0
github.com/hackclub/hackatime/services/imports/wakatime_dump.go:141.2,141.53 1 0
github.com/hackclub/hackatime/services/imports/wakatime_dump.go:141.53,144.17 3 0
github.com/hackclub/hackatime/services/imports/wakatime_dump.go:144.17,146.4 1 0
github.com/hackclub/hackatime/services/imports/wakatime_dump.go:146.9,146.16 1 0
github.com/hackclub/hackatime/services/imports/wakatime_dump.go:146.16,149.4 2 0
github.com/hackclub/hackatime/services/imports/wakatime_dump.go:152.2,152.17 1 0
github.com/hackclub/hackatime/services/imports/wakatime_dump.go:155.95,157.2 1 0
github.com/hackclub/hackatime/services/imports/wakatime_dump.go:159.77,172.2 5 0
github.com/hackclub/hackatime/services/imports/wakatime_heartbeats.go:40.78,46.2 1 0
github.com/hackclub/hackatime/services/imports/wakatime_heartbeats.go:48.134,51.101 2 0
github.com/hackclub/hackatime/services/imports/wakatime_heartbeats.go:51.101,57.17 4 0
github.com/hackclub/hackatime/services/imports/wakatime_heartbeats.go:57.17,60.4 2 0
github.com/hackclub/hackatime/services/imports/wakatime_heartbeats.go:62.3,62.32 1 0
github.com/hackclub/hackatime/services/imports/wakatime_heartbeats.go:62.32,64.4 1 0
github.com/hackclub/hackatime/services/imports/wakatime_heartbeats.go:65.3,65.27 1 0
github.com/hackclub/hackatime/services/imports/wakatime_heartbeats.go:65.27,67.4 1 0
github.com/hackclub/hackatime/services/imports/wakatime_heartbeats.go:69.3,70.66 2 0
github.com/hackclub/hackatime/services/imports/wakatime_heartbeats.go:70.66,72.4 1 0
github.com/hackclub/hackatime/services/imports/wakatime_heartbeats.go:72.9,72.55 1 0
github.com/hackclub/hackatime/services/imports/wakatime_heartbeats.go:72.55,76.4 2 0
github.com/hackclub/hackatime/services/imports/wakatime_heartbeats.go:78.3,79.68 2 0
github.com/hackclub/hackatime/services/imports/wakatime_heartbeats.go:79.68,81.4 1 0
github.com/hackclub/hackatime/services/imports/wakatime_heartbeats.go:81.9,81.55 1 0
github.com/hackclub/hackatime/services/imports/wakatime_heartbeats.go:81.55,85.4 2 0
github.com/hackclub/hackatime/services/imports/wakatime_heartbeats.go:87.3,92.26 4 0
github.com/hackclub/hackatime/services/imports/wakatime_heartbeats.go:92.26,95.21 2 0
github.com/hackclub/hackatime/services/imports/wakatime_heartbeats.go:95.21,100.19 4 0
github.com/hackclub/hackatime/services/imports/wakatime_heartbeats.go:100.19,102.6 1 0
github.com/hackclub/hackatime/services/imports/wakatime_heartbeats.go:104.5,104.34 1 0
github.com/hackclub/hackatime/services/imports/wakatime_heartbeats.go:104.34,106.65 2 0
github.com/hackclub/hackatime/services/imports/wakatime_heartbeats.go:106.65,107.15 1 0
github.com/hackclub/hackatime/services/imports/wakatime_heartbeats.go:109.6,109.15 1 0
github.com/hackclub/hackatime/services/imports/wakatime_heartbeats.go:112.5,112.21 1 0
github.com/hackclub/hackatime/services/imports/wakatime_heartbeats.go:112.21,114.6 1 0
github.com/hackclub/hackatime/services/imports/wakatime_heartbeats.go:118.3,118.19 1 0
github.com/hackclub/hackatime/services/imports/wakatime_heartbeats.go:121.2,121.65 1 0
github.com/hackclub/hackatime/services/imports/wakatime_heartbeats.go:121.65,123.3 1 0
github.com/hackclub/hackatime/services/imports/wakatime_heartbeats.go:125.2,126.36 2 0
github.com/hackclub/hackatime/services/imports/wakatime_heartbeats.go:126.36,128.3 1 0
github.com/hackclub/hackatime/services/imports/wakatime_heartbeats.go:128.17,130.3 1 0
github.com/hackclub/hackatime/services/imports/wakatime_heartbeats.go:132.2,132.17 1 0
github.com/hackclub/hackatime/services/imports/wakatime_heartbeats.go:135.101,137.2 1 0
github.com/hackclub/hackatime/services/imports/wakatime_heartbeats.go:141.118,143.16 2 0
github.com/hackclub/hackatime/services/imports/wakatime_heartbeats.go:143.16,145.3 1 0
github.com/hackclub/hackatime/services/imports/wakatime_heartbeats.go:147.2,154.16 6 0
github.com/hackclub/hackatime/services/imports/wakatime_heartbeats.go:154.16,156.3 1 0
github.com/hackclub/hackatime/services/imports/wakatime_heartbeats.go:156.8,156.34 1 0
github.com/hackclub/hackatime/services/imports/wakatime_heartbeats.go:156.34,158.3 1 0
github.com/hackclub/hackatime/services/imports/wakatime_heartbeats.go:158.8,158.34 1 0
github.com/hackclub/hackatime/services/imports/wakatime_heartbeats.go:158.34,160.3 1 0
github.com/hackclub/hackatime/services/imports/wakatime_heartbeats.go:161.2,164.74 3 0
github.com/hackclub/hackatime/services/imports/wakatime_heartbeats.go:164.74,166.3 1 0
github.com/hackclub/hackatime/services/imports/wakatime_heartbeats.go:168.2,168.33 1 0
github.com/hackclub/hackatime/services/imports/wakatime_heartbeats.go:173.95,177.16 3 0
github.com/hackclub/hackatime/services/imports/wakatime_heartbeats.go:177.16,179.3 1 0
github.com/hackclub/hackatime/services/imports/wakatime_heartbeats.go:181.2,182.16 2 0
github.com/hackclub/hackatime/services/imports/wakatime_heartbeats.go:182.16,184.3 1 0
github.com/hackclub/hackatime/services/imports/wakatime_heartbeats.go:187.2,188.16 2 0
github.com/hackclub/hackatime/services/imports/wakatime_heartbeats.go:188.16,190.3 1 0
github.com/hackclub/hackatime/services/imports/wakatime_heartbeats.go:192.2,193.16 2 0
github.com/hackclub/hackatime/services/imports/wakatime_heartbeats.go:193.16,195.3 1 0
github.com/hackclub/hackatime/services/imports/wakatime_heartbeats.go:197.2,198.16 2 0
github.com/hackclub/hackatime/services/imports/wakatime_heartbeats.go:198.16,200.3 1 0
github.com/hackclub/hackatime/services/imports/wakatime_heartbeats.go:202.2,202.32 1 0
github.com/hackclub/hackatime/services/imports/wakatime_heartbeats.go:205.83,208.2 2 0
github.com/hackclub/hackatime/services/imports/wakatime_heartbeats.go:210.51,216.54 4 0
github.com/hackclub/hackatime/services/imports/wakatime_heartbeats.go:216.54,218.3 1 0
github.com/hackclub/hackatime/services/imports/wakatime_heartbeats.go:220.2,220.13 1 0
github.com/hackclub/hackatime/services/imports/wakatime_utils.go:18.91,23.26 3 0
github.com/hackclub/hackatime/services/imports/wakatime_utils.go:23.26,27.17 4 0
github.com/hackclub/hackatime/services/imports/wakatime_utils.go:27.17,29.4 1 0
github.com/hackclub/hackatime/services/imports/wakatime_utils.go:31.3,32.17 2 0
github.com/hackclub/hackatime/services/imports/wakatime_utils.go:32.17,34.4 1 0
github.com/hackclub/hackatime/services/imports/wakatime_utils.go:35.3,38.72 3 0
github.com/hackclub/hackatime/services/imports/wakatime_utils.go:38.72,40.4 1 0
github.com/hackclub/hackatime/services/imports/wakatime_utils.go:42.3,42.39 1 0
github.com/hackclub/hackatime/services/imports/wakatime_utils.go:42.39,44.4 1 0
github.com/hackclub/hackatime/services/imports/wakatime_utils.go:46.3,46.37 1 0
github.com/hackclub/hackatime/services/imports/wakatime_utils.go:46.37,47.9 1 0
github.com/hackclub/hackatime/services/imports/wakatime_utils.go:51.2,51.22 1 0
github.com/hackclub/hackatime/services/imports/wakatime_utils.go:56.91,61.26 3 0
github.com/hackclub/hackatime/services/imports/wakatime_utils.go:61.26,65.17 4 0
github.com/hackclub/hackatime/services/imports/wakatime_utils.go:65.17,67.4 1 0
github.com/hackclub/hackatime/services/imports/wakatime_utils.go:69.3,70.17 2 0
github.com/hackclub/hackatime/services/imports/wakatime_utils.go:70.17,72.4 1 0
github.com/hackclub/hackatime/services/imports/wakatime_utils.go:73.3,76.75 3 0
github.com/hackclub/hackatime/services/imports/wakatime_utils.go:76.75,78.4 1 0
github.com/hackclub/hackatime/services/imports/wakatime_utils.go:80.3,80.42 1 0
github.com/hackclub/hackatime/services/imports/wakatime_utils.go:80.42,82.4 1 0
github.com/hackclub/hackatime/services/imports/wakatime_utils.go:84.3,84.40 1 0
github.com/hackclub/hackatime/services/imports/wakatime_utils.go:84.40,85.9 1 0
github.com/hackclub/hackatime/services/imports/wakatime_utils.go:89.2,89.24 1 0
github.com/hackclub/hackatime/services/imports/wakatime_utils.go:97.21,99.15 2 0
github.com/hackclub/hackatime/services/imports/wakatime_utils.go:99.15,101.80 1 0
github.com/hackclub/hackatime/services/imports/wakatime_utils.go:101.80,106.4 1 0
github.com/hackclub/hackatime/services/imports/wakatime_utils.go:106.9,111.4 1 0
github.com/hackclub/hackatime/services/imports/wakatime_utils.go:114.2,115.15 2 0
github.com/hackclub/hackatime/services/imports/wakatime_utils.go:115.15,120.3 1 0
github.com/hackclub/hackatime/services/imports/wakatime_utils.go:122.2,140.13 1 0
github.com/hackclub/hackatime/services/mail/mail.go:41.45,47.25 4 0
github.com/hackclub/hackatime/services/mail/mail.go:47.25,48.52 1 0
github.com/hackclub/hackatime/services/mail/mail.go:48.52,50.4 1 0
github.com/hackclub/hackatime/services/mail/mail.go:54.2,56.16 3 0
github.com/hackclub/hackatime/services/mail/mail.go:56.16,57.13 1 0
github.com/hackclub/hackatime/services/mail/mail.go:60.2,60.91 1 0
github.com/hackclub/hackatime/services/mail/mail.go:63.89,65.16 2 0
github.com/hackclub/hackatime/services/mail/mail.go:65.16,67.3 1 0
github.com/hackclub/hackatime/services/mail/mail.go:68.2,74.36 3 0
github.com/hackclub/hackatime/services/mail/mail.go:77.102,82.16 2 0
github.com/hackclub/hackatime/services/mail/mail.go:82.16,84.3 1 0
github.com/hackclub/hackatime/services/mail/mail.go:85.2,91.36 3 0
github.com/hackclub/hackatime/services/mail/mail.go:94.119,100.16 2 0
github.com/hackclub/hackatime/services/mail/mail.go:100.16,102.3 1 0
github.com/hackclub/hackatime/services/mail/mail.go:103.2,109.36 3 0
github.com/hackclub/hackatime/services/mail/mail.go:112.87,114.16 2 0
github.com/hackclub/hackatime/services/mail/mail.go:114.16,116.3 1 0
github.com/hackclub/hackatime/services/mail/mail.go:117.2,123.36 3 0
github.com/hackclub/hackatime/services/mail/mail.go:126.99,132.16 2 0
github.com/hackclub/hackatime/services/mail/mail.go:132.16,134.3 1 0
github.com/hackclub/hackatime/services/mail/mail.go:135.2,141.36 3 0
github.com/hackclub/hackatime/services/mail/mail.go:144.98,146.94 2 0
github.com/hackclub/hackatime/services/mail/mail.go:146.94,148.3 1 0
github.com/hackclub/hackatime/services/mail/mail.go:149.2,149.23 1 0
github.com/hackclub/hackatime/services/mail/mail.go:152.138,154.108 2 0
github.com/hackclub/hackatime/services/mail/mail.go:154.108,156.3 1 0
github.com/hackclub/hackatime/services/mail/mail.go:157.2,157.23 1 0
github.com/hackclub/hackatime/services/mail/mail.go:160.108,162.99 2 0
github.com/hackclub/hackatime/services/mail/mail.go:162.99,164.3 1 0
github.com/hackclub/hackatime/services/mail/mail.go:165.2,165.23 1 0
github.com/hackclub/hackatime/services/mail/mail.go:168.84,170.87 2 0
github.com/hackclub/hackatime/services/mail/mail.go:170.87,172.3 1 0
github.com/hackclub/hackatime/services/mail/mail.go:173.2,173.23 1 0
github.com/hackclub/hackatime/services/mail/mail.go:176.120,178.105 2 0
github.com/hackclub/hackatime/services/mail/mail.go:178.105,180.3 1 0
github.com/hackclub/hackatime/services/mail/mail.go:181.2,181.23 1 0
github.com/hackclub/hackatime/services/mail/mail.go:184.51,186.2 1 0
github.com/hackclub/hackatime/services/mail/noop.go:11.60,14.2 2 0
github.com/hackclub/hackatime/services/mail/smtp.go:19.76,28.2 1 0
github.com/hackclub/hackatime/services/mail/smtp.go:30.60,34.18 3 0
github.com/hackclub/hackatime/services/mail/smtp.go:34.18,35.50 1 0
github.com/hackclub/hackatime/services/mail/smtp.go:35.50,37.4 1 0
github.com/hackclub/hackatime/services/mail/smtp.go:40.2,41.16 2 0
github.com/hackclub/hackatime/services/mail/smtp.go:41.16,43.3 1 0
github.com/hackclub/hackatime/services/mail/smtp.go:44.2,49.42 2 0
github.com/hackclub/hackatime/services/mail/smtp.go:49.42,52.17 2 0
github.com/hackclub/hackatime/services/mail/smtp.go:52.17,53.48 1 0
github.com/hackclub/hackatime/services/mail/smtp.go:53.48,54.28 1 0
github.com/hackclub/hackatime/services/mail/smtp.go:54.29,56.6 0 0
github.com/hackclub/hackatime/services/mail/smtp.go:57.5,57.15 1 0
github.com/hackclub/hackatime/services/mail/smtp.go:58.10,60.5 1 0
github.com/hackclub/hackatime/services/mail/smtp.go:64.3,66.18 3 0
github.com/hackclub/hackatime/services/mail/smtp.go:69.2,69.19 1 0
github.com/hackclub/hackatime/services/mail/smtp.go:69.19,70.40 1 0
github.com/hackclub/hackatime/services/mail/smtp.go:70.40,72.4 1 0
github.com/hackclub/hackatime/services/mail/smtp.go:74.3,74.65 1 0
github.com/hackclub/hackatime/services/mail/smtp.go:74.65,76.4 1 0
github.com/hackclub/hackatime/services/mail/smtp.go:78.3,78.39 1 0
github.com/hackclub/hackatime/services/mail/smtp.go:78.39,80.4 1 0
github.com/hackclub/hackatime/services/mail/smtp.go:83.2,83.52 1 0
github.com/hackclub/hackatime/services/mail/smtp.go:83.52,85.3 1 0
github.com/hackclub/hackatime/services/mail/smtp.go:87.2,87.44 1 0
github.com/hackclub/hackatime/services/mail/smtp.go:87.44,88.42 1 0
github.com/hackclub/hackatime/services/mail/smtp.go:88.42,90.4 1 0
github.com/hackclub/hackatime/services/mail/smtp.go:93.2,94.16 2 0
github.com/hackclub/hackatime/services/mail/smtp.go:94.16,96.3 1 0
github.com/hackclub/hackatime/services/mail/smtp.go:98.2,99.16 2 0
github.com/hackclub/hackatime/services/mail/smtp.go:99.16,101.3 1 0
github.com/hackclub/hackatime/services/mail/smtp.go:103.2,104.16 2 0
github.com/hackclub/hackatime/services/mail/smtp.go:104.16,106.3 1 0
github.com/hackclub/hackatime/services/mail/smtp.go:108.2,108.17 1 0
